Build 'netology / example-teamcity-build' #4
Triggered 2026-03-17 00:19:43 by 'admin'
Started 2026-03-17 00:19:48 on agent 'teamcity-agent'
Finished 2026-03-17 00:19:59 with status NORMAL 'Tests passed: 5'
VCS revisions: 'Netology_HttpsGithubComVegorshkovExampleTeamcity' (Git, instance id 1): '4021122cb6e240aed22836bdae96954fd0c4b9f4' (branch: 'refs/heads/master')
TeamCity URL http://62.84.118.135:8111/buildConfiguration/Netology_ExampleTeamcityBuild/105 
TeamCity server version is 2025.11.3 (build 208117), server timezone: GMT (UTC)
Log entries are grouped by flowIds, so they might not be fully ordered by timestamps

[00:19:43]W: bt1 (16s)
[00:19:43]i: TeamCity server version is 2025.11.3 (build 208117)
[00:19:43] : Finalize build settings
[00:19:48] : The build is removed from the queue to be prepared for the start
[00:19:48] : Collecting changes in 1 VCS root
[00:19:48] :	 [Collecting changes in 1 VCS root] VCS Root details
[00:19:48] :		 [VCS Root details] "https://github.com/vegorshkov/example-teamcity" {instance id=1, parent internal id=1, parent id=Netology_HttpsGithubComVegorshkovExampleTeamcity, description: "https://github.com/vegorshkov/example-teamcity#refs/heads/master"}
[00:19:48]i:	 [Collecting changes in 1 VCS root] Loading current repository state for VCS root 'https://github.com/vegorshkov/example-teamcity'
[00:19:48]i:		 [Loading current repository state for VCS root 'https://github.com/vegorshkov/example-teamcity'] VCS root 'https://github.com/vegorshkov/example-teamcity': git -c credential.helper= -c credential.helper=/opt/teamcity/temp/credHelper7302910326827527783.sh ls-remote origin
[00:19:48]i:	 [Collecting changes in 1 VCS root] Detecting changes in VCS root 'https://github.com/vegorshkov/example-teamcity' (used in 'example-teamcity-build')
[00:19:48]i:	 [Collecting changes in 1 VCS root] Will collect changes for 'https://github.com/vegorshkov/example-teamcity' starting from revision 4021122cb6e240aed22836bdae96954fd0c4b9f4
[00:19:48] : Compute revision for 'https://github.com/vegorshkov/example-teamcity'
[00:19:48] :	 [Compute revision for 'https://github.com/vegorshkov/example-teamcity'] Upper limit revision: 4021122cb6e240aed22836bdae96954fd0c4b9f4
[00:19:48]i:	 [Compute revision for 'https://github.com/vegorshkov/example-teamcity'] MaxModId = null
[00:19:48] :	 [Compute revision for 'https://github.com/vegorshkov/example-teamcity'] Cannot find modification in TeamCity database with revision 4021122cb6e240aed22836bdae96954fd0c4b9f4
[00:19:48] :	 [Compute revision for 'https://github.com/vegorshkov/example-teamcity'] Computed revision: 4021122cb6e240aed22836bdae96954fd0c4b9f4
[00:19:48] : Starting the build on the agent "teamcity-agent"
[00:19:48]i: Agent time zone: Etc/UTC
[00:19:48]i: Agent is running under JRE: 1.8.0_482-8u482-ga~us1-0ubuntu1~22.04-b08
[00:19:48] : Updating tools for build
[00:19:48] :	 [Updating tools for build] Found 1 tool used by the build: maven3_9
[00:19:48] :	 [Updating tools for build] All used tools are up-to-date
[00:19:48] : Clearing temporary directory: /opt/teamcity-agent/temp/buildTmp
[00:19:49]i: Preparing performance monitoring data directory: /opt/teamcity-agent/system/perfmon
[00:19:49]i: Performance monitor is using command line: [perl, /opt/teamcity-agent/system/perfmon/scripts/vmstatlinux.pl, /opt/teamcity-agent/system/perfmon/temp/105/perfmon.csv, 1000]
[00:19:49]i: Starting performance monitoring process
[00:19:49]i: Performance monitoring process started
[00:19:49] : Publishing internal artifacts
[00:19:49] :	 [Publishing internal artifacts] Publishing 1 file using [WebPublisher]
[00:19:49] :	 [Publishing internal artifacts] Publishing 1 file using [ArtifactsCachePublisherImpl]
[00:19:49]i:	 [Publishing internal artifacts] Will publish 1 artifact(s) to TeamCity node with id MAIN_SERVER
[00:19:49] : Using vcs information from agent file: 5871d05f33387ade.xml
[00:19:49] : Checkout directory: /opt/teamcity-agent/work/5871d05f33387ade
[00:19:49] : Updating sources: auto checkout (on agent)
[00:19:49] :	 [Updating sources] Will use agent side checkout
[00:19:49] :	 [Updating sources] VCS Root: https://github.com/vegorshkov/example-teamcity
[00:19:49] :		 [VCS Root: https://github.com/vegorshkov/example-teamcity] revision: 4021122cb6e240aed22836bdae96954fd0c4b9f4
[00:19:49]i:		 [VCS Root: https://github.com/vegorshkov/example-teamcity] Mirrors automatically enabled
[00:19:49] :		 [VCS Root: https://github.com/vegorshkov/example-teamcity] Git version: 2.34.1.0
[00:19:49] :		 [VCS Root: https://github.com/vegorshkov/example-teamcity] Update git mirror (/opt/teamcity-agent/system/git/git-A1E3EC2E.git)
[00:19:49] :			 [Update git mirror (/opt/teamcity-agent/system/git/git-A1E3EC2E.git)] /usr/bin/git config http.sslCAInfo
[00:19:49] :			 [Update git mirror (/opt/teamcity-agent/system/git/git-A1E3EC2E.git)] /usr/bin/git show-ref
[00:19:49] :			 [Update git mirror (/opt/teamcity-agent/system/git/git-A1E3EC2E.git)] /usr/bin/git -c credential.helper= -c credential.helper=/opt/teamcity-agent/temp/buildTmp/credHelper8787479507953983966.sh ls-remote origin
[00:19:49] :			 [Update git mirror (/opt/teamcity-agent/system/git/git-A1E3EC2E.git)] /usr/bin/git show-ref refs/heads/master
[00:19:49] :			 [Update git mirror (/opt/teamcity-agent/system/git/git-A1E3EC2E.git)] /usr/bin/git log -n1 --pretty=format:%H%x20%s 4021122cb6e240aed22836bdae96954fd0c4b9f4 --
[00:19:49] :			 [Update git mirror (/opt/teamcity-agent/system/git/git-A1E3EC2E.git)] No 'git fetch' required: commit '4021122cb6e240aed22836bdae96954fd0c4b9f4' is in the local repository clone pointed by 'refs/heads/master'.
[00:19:49] :			 [Update git mirror (/opt/teamcity-agent/system/git/git-A1E3EC2E.git)] /usr/bin/git pack-refs --all
[00:19:49] :		 [VCS Root: https://github.com/vegorshkov/example-teamcity] Update checkout directory (/opt/teamcity-agent/work/5871d05f33387ade)
[00:19:49] :			 [Update checkout directory (/opt/teamcity-agent/work/5871d05f33387ade)] /usr/bin/git rev-parse --is-shallow-repository
[00:19:49] :			 [Update checkout directory (/opt/teamcity-agent/work/5871d05f33387ade)] /usr/bin/git config lfs.storage /opt/teamcity-agent/system/git/git-A1E3EC2E.git/lfs
[00:19:49] :			 [Update checkout directory (/opt/teamcity-agent/work/5871d05f33387ade)] /usr/bin/git config core.sparseCheckout true
[00:19:49] :			 [Update checkout directory (/opt/teamcity-agent/work/5871d05f33387ade)] /usr/bin/git config http.sslCAInfo
[00:19:49] :			 [Update checkout directory (/opt/teamcity-agent/work/5871d05f33387ade)] /usr/bin/git show-ref
[00:19:49] :			 [Update checkout directory (/opt/teamcity-agent/work/5871d05f33387ade)] /usr/bin/git show-ref refs/remotes/origin/master
[00:19:49] :			 [Update checkout directory (/opt/teamcity-agent/work/5871d05f33387ade)] /usr/bin/git log -n1 --pretty=format:%H%x20%s 4021122cb6e240aed22836bdae96954fd0c4b9f4 --
[00:19:49] :			 [Update checkout directory (/opt/teamcity-agent/work/5871d05f33387ade)] No 'git fetch' required: commit '4021122cb6e240aed22836bdae96954fd0c4b9f4' is in the local repository clone pointed by 'refs/remotes/origin/master'.
[00:19:49] :			 [Update checkout directory (/opt/teamcity-agent/work/5871d05f33387ade)] /usr/bin/git branch
[00:19:50] :			 [Update checkout directory (/opt/teamcity-agent/work/5871d05f33387ade)] /usr/bin/git -c credential.helper= -c credential.helper=/opt/teamcity-agent/temp/buildTmp/credHelper8666995743930830332.sh reset --hard 4021122cb6e240aed22836bdae96954fd0c4b9f4
[00:19:50] :			 [Update checkout directory (/opt/teamcity-agent/work/5871d05f33387ade)] /usr/bin/git branch --set-upstream-to=refs/remotes/origin/master
[00:19:50] : Build preparation done
[00:19:50]W: Step 1/2: Maven Test (не-master ветки) (Maven) (5s)
[00:19:50]i:	 [Step 1/2] Build step condition "teamcity.build.branch does not equal master" is satisfied
[00:19:50] :	 [Step 1/2] Initial M2_HOME not set
[00:19:50] :	 [Step 1/2] Current M2_HOME = /opt/teamcity-agent/tools/maven3_9
[00:19:50] :	 [Step 1/2] PATH = /opt/teamcity-agent/tools/maven3_9/bin:/usr/local/sbin:/usr/local/bin:/usr/sbin:/usr/bin:/sbin:/bin:/snap/bin
[00:19:50] :	 [Step 1/2] Using watcher: /opt/teamcity-agent/plugins/mavenPlugin/maven-watcher-jdk17/maven-watcher-agent.jar
[00:19:50] :	 [Step 1/2] Using agent local repository at /opt/teamcity-agent/system/jetbrains.maven.runner/maven.repo.local
[00:19:50] :	 [Step 1/2] *** Start reading the project structure ***
[00:19:50]i:	 [Step 1/2] Initial MAVEN_OPTS not set
[00:19:50]i:	 [Step 1/2] Current MAVEN_OPTS not set
[00:19:51]i:	 [Step 1/2] [INFO] Scanning for projects...
[00:19:51]i:	 [Step 1/2] [INFO] 
[00:19:51]i:	 [Step 1/2] [INFO] -----------------------< org.netology:plaindoll >-----------------------
[00:19:51]i:	 [Step 1/2] [INFO] Building plaindoll 0.0.2
[00:19:51]i:	 [Step 1/2] [INFO]   from info.1910426561841339499.pom.xml
[00:19:51]i:	 [Step 1/2] [INFO] --------------------------------[ jar ]---------------------------------
[00:19:51]i:	 [Step 1/2] [INFO] 
[00:19:51]i:	 [Step 1/2] [INFO] --- info3:1.4.8:info (default-cli) @ plaindoll ---
[00:19:51]i:	 [Step 1/2] [INFO] ------------------------------------------------------------------------
[00:19:51]i:	 [Step 1/2] [INFO] BUILD SUCCESS
[00:19:51]i:	 [Step 1/2] [INFO] ------------------------------------------------------------------------
[00:19:51]i:	 [Step 1/2] [INFO] Total time:  0.465 s
[00:19:51]i:	 [Step 1/2] [INFO] Finished at: 2026-03-17T00:19:51Z
[00:19:51]i:	 [Step 1/2] [INFO] ------------------------------------------------------------------------
[00:19:52]i:	 [Step 1/2] Process exited with code 0
[00:19:52] :	 [Step 1/2] Initial MAVEN_OPTS not set
[00:19:52] :	 [Step 1/2] Current MAVEN_OPTS not set
[00:19:52] :	 [Step 1/2] Starting: /usr/lib/jvm/java-8-openjdk-amd64/jre/bin/java -Dagent.home.dir=/opt/teamcity-agent -Dagent.name=teamcity-agent -Dagent.ownPort=9091 -Dagent.work.dir=/opt/teamcity-agent/work -Dbuild.number=4 -Dbuild.vcs.number=4021122cb6e240aed22836bdae96954fd0c4b9f4 -Dbuild.vcs.number.1=4021122cb6e240aed22836bdae96954fd0c4b9f4 -Dbuild.vcs.number.Netology_HttpsGithubComVegorshkovExampleTeamcity=4021122cb6e240aed22836bdae96954fd0c4b9f4 -Dclassworlds.conf=/opt/teamcity-agent/temp/buildTmp/teamcity.m2.conf -Dcom.jetbrains.maven.watcher.report.file=/opt/teamcity-agent/temp/buildTmp/maven-build-info.xml -Djava.io.tmpdir=/opt/teamcity-agent/temp/buildTmp -Dmaven.home=/opt/teamcity-agent/tools/maven3_9 -Dmaven.multiModuleProjectDirectory=/opt/teamcity-agent/work/5871d05f33387ade -Dteamcity.agent.cpuBenchmark=411 -Dteamcity.auth.password=******* -Dteamcity.auth.userId=TeamCityBuildId=105 -Dteamcity.build.changedFiles.file=/opt/teamcity-agent/temp/buildTmp/teamcity.changedFiles.txt -Dteamcity.build.checkoutDir=/opt/teamcity-agent/work/5871d05f33387ade -Dteamcity.build.id=105 -Dteamcity.build.properties.file=/opt/teamcity-agent/temp/buildTmp/teamcity.build.parameters -Dteamcity.build.properties.file.checksum=/opt/teamcity-agent/temp/buildTmp/teamcity.build.parameters.checksum -Dteamcity.build.tempDir=/opt/teamcity-agent/temp/buildTmp -Dteamcity.build.workingDir=/opt/teamcity-agent/work/5871d05f33387ade -Dteamcity.buildConfName=example-teamcity-build -Dteamcity.buildType.id=Netology_ExampleTeamcityBuild -Dteamcity.configuration.properties.file=/opt/teamcity-agent/temp/buildTmp/teamcity.config.parameters -Dteamcity.maven.watcher.home=/opt/teamcity-agent/plugins/mavenPlugin/maven-watcher-jdk17 -Dteamcity.projectName=netology -Dteamcity.runner.properties.file=/opt/teamcity-agent/temp/buildTmp/teamcity.runner.parameters -Dteamcity.tests.recentlyFailedTests.file=/opt/teamcity-agent/temp/buildTmp/teamcity.testsToRunFirst.txt -Dteamcity.version=2025.11.3 (build 208117) -Dmaven.repo.local=/opt/teamcity-agent/system/jetbrains.maven.runner/maven.repo.local -classpath /opt/teamcity-agent/tools/maven3_9/boot/plexus-classworlds-2.7.0.jar: org.codehaus.plexus.classworlds.launcher.Launcher -f /opt/teamcity-agent/work/5871d05f33387ade/pom.xml -B -Dmaven.test.failure.ignore=true clean test
[00:19:52] :	 [Step 1/2] in directory: /opt/teamcity-agent/work/5871d05f33387ade
[00:19:53] :	 [Step 1/2] [INFO] Scanning for projects...
[00:19:53] :	 [Step 1/2] [INFO] 
[00:19:53] :	 [Step 1/2] [INFO] -----------------------< org.netology:plaindoll >-----------------------
[00:19:53] :	 [Step 1/2] [INFO] Building plaindoll 0.0.2
[00:19:53] :	 [Step 1/2] [INFO]   from pom.xml
[00:19:53] :	 [Step 1/2] [INFO] --------------------------------[ jar ]---------------------------------
[00:19:53] :	 [Step 1/2] [Maven Watcher] project started: org.netology:plaindoll:jar:0.0.2
[00:19:53] :	 [Step 1/2] org.netology:plaindoll (1s)
[00:19:53]i:		 [org.netology:plaindoll] ##teamcity[importData tc:tags='tc:internal' type='surefire' path='/opt/teamcity-agent/work/5871d05f33387ade/target/failsafe-reports/TEST-*.xml' whenNoDataPublished='nothing' logAsInternal='true' rerunFailingTestsEnabled='false']
[00:19:53]i:		 [org.netology:plaindoll] ##teamcity[importData tc:tags='tc:internal' type='surefire' path='/opt/teamcity-agent/work/5871d05f33387ade/target/surefire-reports/TEST-*.xml' whenNoDataPublished='nothing' logAsInternal='true' rerunFailingTestsEnabled='false']
[00:19:53] :	 [Step 1/2] Importing data from '/opt/teamcity-agent/work/5871d05f33387ade/target/failsafe-reports/TEST-*.xml' with 'surefire' processor
[00:19:53] :	 [Step 1/2] Importing data from '/opt/teamcity-agent/work/5871d05f33387ade/target/surefire-reports/TEST-*.xml' with 'surefire' processor
[00:19:53] :	 [Step 1/2] [Maven Watcher] 
[00:19:53]i:	 [Step 1/2] ##teamcity[projectStarted tc:tags='tc:internal' projectId='org.netology:plaindoll:jar:0.0.2' groupId='org.netology' artifactId='plaindoll' testReportsDir0='/opt/teamcity-agent/work/5871d05f33387ade/target/failsafe-reports' testReportsDir1='/opt/teamcity-agent/work/5871d05f33387ade/target/surefire-reports']
[00:19:53] :	 [Step 1/2] Surefire report watcher
[00:19:53] :		 [Surefire report watcher] Watching paths:
[00:19:53] :		 [Surefire report watcher] /opt/teamcity-agent/work/5871d05f33387ade/target/failsafe-reports/TEST-*.xml
[00:19:53] :	 [Step 1/2] Surefire report watcher
[00:19:53] :		 [Surefire report watcher] Watching paths:
[00:19:53] :		 [Surefire report watcher] /opt/teamcity-agent/work/5871d05f33387ade/target/surefire-reports/TEST-*.xml
[00:19:53] :	 [Step 1/2] [INFO] 
[00:19:53] :	 [Step 1/2] [INFO] --- clean:3.2.0:clean (default-clean) @ plaindoll ---
[00:19:53] :	 [Step 1/2] [INFO] Deleting /opt/teamcity-agent/work/5871d05f33387ade/target
[00:19:53] :	 [Step 1/2] [INFO] 
[00:19:53] :	 [Step 1/2] [INFO] --- resources:3.3.1:resources (default-resources) @ plaindoll ---
[00:19:53]W:	 [Step 1/2] [WARNING] Using platform encoding (UTF-8 actually) to copy filtered resources, i.e. build is platform dependent!
[00:19:53] :	 [Step 1/2] [INFO] skip non existing resourceDirectory /opt/teamcity-agent/work/5871d05f33387ade/src/main/resources
[00:19:53] :	 [Step 1/2] [INFO] 
[00:19:53] :	 [Step 1/2] [INFO] --- compiler:3.11.0:compile (default-compile) @ plaindoll ---
[00:19:53] :	 [Step 1/2] [INFO] Changes detected - recompiling the module! :source
[00:19:53]W:	 [Step 1/2] [WARNING] File encoding has not been set, using platform encoding UTF-8, i.e. build is platform dependent!
[00:19:53] :	 [Step 1/2] [INFO] Compiling 2 source files with javac [debug target 1.8] to target/classes
[00:19:54] :	 [Step 1/2] [INFO] 
[00:19:54] :	 [Step 1/2] [INFO] --- resources:3.3.1:testResources (default-testResources) @ plaindoll ---
[00:19:54]W:	 [Step 1/2] [WARNING] Using platform encoding (UTF-8 actually) to copy filtered resources, i.e. build is platform dependent!
[00:19:54] :	 [Step 1/2] [INFO] skip non existing resourceDirectory /opt/teamcity-agent/work/5871d05f33387ade/src/test/resources
[00:19:54] :	 [Step 1/2] [INFO] 
[00:19:54] :	 [Step 1/2] [INFO] --- compiler:3.11.0:testCompile (default-testCompile) @ plaindoll ---
[00:19:54] :	 [Step 1/2] [INFO] Changes detected - recompiling the module! :dependency
[00:19:54]W:	 [Step 1/2] [WARNING] File encoding has not been set, using platform encoding UTF-8, i.e. build is platform dependent!
[00:19:54] :	 [Step 1/2] [INFO] Compiling 1 source file with javac [debug target 1.8] to target/test-classes
[00:19:54] :	 [Step 1/2] [INFO] 
[00:19:54] :	 [Step 1/2] [INFO] --- surefire:3.2.2:test (default-test) @ plaindoll ---
[00:19:54] :	 [Step 1/2] [INFO] Using auto detected provider org.apache.maven.surefire.junit4.JUnit4Provider
[00:19:54] :	 [Step 1/2] [INFO] 
[00:19:54] :	 [Step 1/2] [INFO] -------------------------------------------------------
[00:19:54] :	 [Step 1/2] [INFO]  T E S T S
[00:19:54] :	 [Step 1/2] [INFO] -------------------------------------------------------
[00:19:55] :	 [Step 1/2] [INFO] Running plaindoll.WelcomerTest
[00:19:55] :	 [Step 1/2] [INFO] Tests run: 5, Failures: 0, Errors: 0, Skipped: 0, Time elapsed: 0.061 s -- in plaindoll.WelcomerTest
[00:19:55] :	 [Step 1/2] [INFO] 
[00:19:55] :	 [Step 1/2] [INFO] Results:
[00:19:55] :	 [Step 1/2] [INFO] 
[00:19:55] :	 [Step 1/2] [INFO] Tests run: 5, Failures: 0, Errors: 0, Skipped: 0
[00:19:55] :	 [Step 1/2] [INFO] 
[00:19:55] :	 [Step 1/2] [Maven Watcher] 
[00:19:55]i:	 [Step 1/2] ##teamcity[projectFinished tc:tags='tc:internal' projectId='org.netology:plaindoll:jar:0.0.2']
[00:19:55] :	 [Step 1/2] [INFO] ------------------------------------------------------------------------
[00:19:55] :	 [Step 1/2] [INFO] BUILD SUCCESS
[00:19:55] :	 [Step 1/2] [INFO] ------------------------------------------------------------------------
[00:19:55] :	 [Step 1/2] [INFO] Total time:  1.746 s
[00:19:55] :	 [Step 1/2] [INFO] Finished at: 2026-03-17T00:19:55Z
[00:19:55] :	 [Step 1/2] [INFO] ------------------------------------------------------------------------
[00:19:55] :	 [Step 1/2] [Maven Watcher] building report document...
[00:19:55] :	 [Step 1/2] [Maven Watcher] building report document done
[00:19:55] :	 [Step 1/2] [Maven Watcher] writing report to /opt/teamcity-agent/temp/buildTmp/maven-build-info.xml
[00:19:55] :	 [Step 1/2] [Maven Watcher] done writing report
[00:19:55] :	 [Step 1/2] Process exited with code 0
[00:19:55] :	 [Step 1/2] Publishing artifacts
[00:19:55] :		 [Publishing artifacts] Collecting files to publish: [/opt/teamcity-agent/temp/buildTmp/.tc-maven-bi/maven-build-info.xml.gz => .teamcity]
[00:19:55] :		 [Publishing artifacts] Publishing 1 file using [WebPublisher]: /opt/teamcity-agent/temp/buildTmp/.tc-maven-bi/maven-build-info.xml.gz => .teamcity
[00:19:55] :		 [Publishing artifacts] Publishing 1 file using [ArtifactsCachePublisherImpl]: /opt/teamcity-agent/temp/buildTmp/.tc-maven-bi/maven-build-info.xml.gz => .teamcity
[00:19:55]i:		 [Publishing artifacts] Will publish 1 artifact(s) to TeamCity node with id MAIN_SERVER
[00:19:55] :	 [Step 1/2] Waiting for 2 service processes to complete
[00:19:55]i:	 [Step 1/2] plaindoll.WelcomerTest
[00:19:55]i:		 [plaindoll.WelcomerTest] welcomerSaysFarewell
[00:19:55]i:		 [plaindoll.WelcomerTest] welcomerSaysHunter
[00:19:55]i:		 [plaindoll.WelcomerTest] welcomerSaysSilver
[00:19:55]i:		 [plaindoll.WelcomerTest] welcomerSaysSomething
[00:19:55]i:		 [plaindoll.WelcomerTest] welcomerSaysWelcome
[00:19:55] :	 [Step 1/2] Surefire report watcher
[00:19:55] :		 [Surefire report watcher] 1 report found for paths:
[00:19:55] :		 [Surefire report watcher] /opt/teamcity-agent/work/5871d05f33387ade/target/surefire-reports/TEST-*.xml
[00:19:55] :		 [Surefire report watcher] Successfully parsed
[00:19:55] :			 [Successfully parsed] 1 report
[00:19:55] :			 [Successfully parsed] target/surefire-reports/TEST-plaindoll.WelcomerTest.xml
[00:19:55]W: Step 2/2: Maven Deploy for master (Maven)
[00:19:55]W:	 [Step 2/2] Build step Maven Deploy for master (Maven) is skipped because of unfulfilled condition: "teamcity.build.branch equals refs/heads/master"
[00:19:55]i: Stopping performance monitoring process
[00:19:59]i: Performance monitoring process stopped
[00:19:59]i: Publishing performance monitoring build stages data
[00:19:59] : Publishing artifacts
[00:19:59] :	 [Publishing artifacts] Collecting files to publish: [/opt/teamcity-agent/system/perfmon/temp/105/perfmon.csv=>.teamcity/perfmon/, /opt/teamcity-agent/temp/agentTmp/build_stages.txt=>.teamcity/perfmon/]
[00:19:59] :	 [Publishing artifacts] Publishing 2 files using [WebPublisher]: /opt/teamcity-agent/system/perfmon/temp/105/perfmon.csv, /opt/teamcity-agent/temp/agentTmp/build_stages.txt => .teamcity/perfmon
[00:19:59] :	 [Publishing artifacts] Publishing 2 files using [ArtifactsCachePublisherImpl]: /opt/teamcity-agent/system/perfmon/temp/105/perfmon.csv, /opt/teamcity-agent/temp/agentTmp/build_stages.txt => .teamcity/perfmon
[00:19:59]i:	 [Publishing artifacts] Will publish 2 artifact(s) to TeamCity node with id MAIN_SERVER
[00:19:59] : Publishing internal artifacts
[00:19:59] :	 [Publishing internal artifacts] Publishing 1 file using [WebPublisher]
[00:19:59] :	 [Publishing internal artifacts] Publishing 1 file using [ArtifactsCachePublisherImpl]
[00:19:59]i:	 [Publishing internal artifacts] Will publish 1 artifact(s) to TeamCity node with id MAIN_SERVER
[00:19:59] : Publishing internal artifacts
[00:19:59] : Build finished
