Build 'netology / example-teamcity-build' #11
Triggered 2026-03-17 13:48:12 by 'admin'
Started 2026-03-17 13:48:13 on agent 'teamcity-agent'
Finished 2026-03-17 13:48:23 with status FAILURE 'Compilation error: Compiler (new)'
VCS revisions: 'Netology_HttpsGithubComVegorshkovExampleTeamcity' (Git, instance id 2): 'd55be074f960394df1628b65ca3ccfe1f0093a7b' (branch: 'refs/heads/master')
TeamCity URL http://62.84.118.135:8111/buildConfiguration/Netology_ExampleTeamcityBuild/204 
TeamCity server version is 2025.11.3 (build 208117), server timezone: GMT (UTC)
Log entries are grouped by flowIds, so they might not be fully ordered by timestamps

[13:48:12]E: bt1 (11s)
[13:48:12]i: TeamCity server version is 2025.11.3 (build 208117)
[13:48:12] : Finalize build settings
[13:48:12] : The build is removed from the queue to be prepared for the start
[13:48:12] : Collecting changes in 1 VCS root
[13:48:12] :	 [Collecting changes in 1 VCS root] VCS Root details
[13:48:12] :		 [VCS Root details] "https://github.com/vegorshkov/example-teamcity" {instance id=2, parent internal id=1, parent id=Netology_HttpsGithubComVegorshkovExampleTeamcity, description: "https://github.com/vegorshkov/example-teamcity#refs/heads/master"}
[13:48:12]i:	 [Collecting changes in 1 VCS root] Loading current repository state for VCS root 'https://github.com/vegorshkov/example-teamcity'
[13:48:12]i:		 [Loading current repository state for VCS root 'https://github.com/vegorshkov/example-teamcity'] VCS root 'https://github.com/vegorshkov/example-teamcity': git -c core.askpass=/opt/teamcity/temp/pass17070437254493650616 -c credential.helper= -c credential.helper=/opt/teamcity/temp/credHelper7723474393080921062.sh ls-remote origin
[13:48:13]i:	 [Collecting changes in 1 VCS root] Detecting changes in VCS root 'https://github.com/vegorshkov/example-teamcity' (used in 'example-teamcity-build')
[13:48:13]i:	 [Collecting changes in 1 VCS root] Will collect changes for 'https://github.com/vegorshkov/example-teamcity' starting from revision d55be074f960394df1628b65ca3ccfe1f0093a7b
[13:48:13] : Compute revision for 'https://github.com/vegorshkov/example-teamcity'
[13:48:13] :	 [Compute revision for 'https://github.com/vegorshkov/example-teamcity'] Upper limit revision: d55be074f960394df1628b65ca3ccfe1f0093a7b
[13:48:13]i:	 [Compute revision for 'https://github.com/vegorshkov/example-teamcity'] MaxModId = 7
[13:48:13] :	 [Compute revision for 'https://github.com/vegorshkov/example-teamcity'] Computed revision: d55be074f960394df1628b65ca3ccfe1f0093a7b
[13:48:13] : Starting the build on the agent "teamcity-agent"
[13:48:13]i: Agent time zone: Etc/UTC
[13:48:13]i: Agent is running under JRE: 1.8.0_482-8u482-ga~us1-0ubuntu1~22.04-b08
[13:48:13] : Updating tools for build
[13:48:13] :	 [Updating tools for build] Found 1 tool used by the build: maven3_9
[13:48:13] :	 [Updating tools for build] All used tools are up-to-date
[13:48:13] : Clearing temporary directory: /opt/teamcity-agent/temp/buildTmp
[13:48:13]i: Preparing performance monitoring data directory: /opt/teamcity-agent/system/perfmon
[13:48:13]i: Performance monitor is using command line: [perl, /opt/teamcity-agent/system/perfmon/scripts/vmstatlinux.pl, /opt/teamcity-agent/system/perfmon/temp/204/perfmon.csv, 1000]
[13:48:13]i: Starting performance monitoring process
[13:48:13]i: Performance monitoring process started
[13:48:13] : Publishing internal artifacts
[13:48:13] :	 [Publishing internal artifacts] Publishing 1 file using [WebPublisher]
[13:48:13] :	 [Publishing internal artifacts] Publishing 1 file using [ArtifactsCachePublisherImpl]
[13:48:13]i:	 [Publishing internal artifacts] Will publish 1 artifact(s) to TeamCity node with id MAIN_SERVER
[13:48:13] : Using vcs information from agent file: 5871d05f33387ade.xml
[13:48:13] : Checkout directory: /opt/teamcity-agent/work/5871d05f33387ade
[13:48:13] : Updating sources: auto checkout (on agent) (1s)
[13:48:13] :	 [Updating sources] Will use agent side checkout
[13:48:13] :	 [Updating sources] VCS Root: https://github.com/vegorshkov/example-teamcity (1s)
[13:48:13] :		 [VCS Root: https://github.com/vegorshkov/example-teamcity] revision: d55be074f960394df1628b65ca3ccfe1f0093a7b
[13:48:13]i:		 [VCS Root: https://github.com/vegorshkov/example-teamcity] Mirrors automatically enabled
[13:48:13] :		 [VCS Root: https://github.com/vegorshkov/example-teamcity] Git version: 2.34.1.0
[13:48:13] :		 [VCS Root: https://github.com/vegorshkov/example-teamcity] Update git mirror (/opt/teamcity-agent/system/git/git-60F1052E.git) (1s)
[13:48:13] :			 [Update git mirror (/opt/teamcity-agent/system/git/git-60F1052E.git)] /usr/bin/git config http.sslCAInfo
[13:48:13] :			 [Update git mirror (/opt/teamcity-agent/system/git/git-60F1052E.git)] /usr/bin/git show-ref
[13:48:13] :			 [Update git mirror (/opt/teamcity-agent/system/git/git-60F1052E.git)] /usr/bin/git -c core.askpass=/opt/teamcity-agent/temp/buildTmp/pass5789514223326146311 -c credential.helper= -c credential.helper=/opt/teamcity-agent/temp/buildTmp/credHelper7766598868165740364.sh ls-remote origin
[13:48:14] :			 [Update git mirror (/opt/teamcity-agent/system/git/git-60F1052E.git)] /usr/bin/git show-ref refs/heads/master
[13:48:14] :			 [Update git mirror (/opt/teamcity-agent/system/git/git-60F1052E.git)] /usr/bin/git log -n1 --pretty=format:%H%x20%s d55be074f960394df1628b65ca3ccfe1f0093a7b --
[13:48:14]i:			 [Update git mirror (/opt/teamcity-agent/system/git/git-60F1052E.git)] fatal: bad object d55be074f960394df1628b65ca3ccfe1f0093a7b
[13:48:14] :			 [Update git mirror (/opt/teamcity-agent/system/git/git-60F1052E.git)] 'git fetch' required: commit 'd55be074f960394df1628b65ca3ccfe1f0093a7b' is not found in the local repository clone.
[13:48:14] :			 [Update git mirror (/opt/teamcity-agent/system/git/git-60F1052E.git)] /usr/bin/git -c core.askpass=/opt/teamcity-agent/temp/buildTmp/pass848906200382358835 -c credential.helper= -c credential.helper=/opt/teamcity-agent/temp/buildTmp/credHelper8221434626506758526.sh fetch --progress --recurse-submodules=no origin +refs/heads/master:refs/heads/master
[13:48:14]i:				 [/usr/bin/git -c core.askpass=/opt/teamcity-agent/temp/buildTmp/pass848906200382358835 -c credential.helper= -c credential.helper=/opt/teamcity-agent/temp/buildTmp/credHelper8221434626506758526.sh fetch --progress --recurse-submodules=no origin +refs/heads/master:refs/heads/master] remote: Enumerating objects: 13, done.        
[13:48:14]i:				 [/usr/bin/git -c core.askpass=/opt/teamcity-agent/temp/buildTmp/pass848906200382358835 -c credential.helper= -c credential.helper=/opt/teamcity-agent/temp/buildTmp/credHelper8221434626506758526.sh fetch --progress --recurse-submodules=no origin +refs/heads/master:refs/heads/master] remote: Counting objects:   7% (1/13)        
[13:48:14]i:				 [/usr/bin/git -c core.askpass=/opt/teamcity-agent/temp/buildTmp/pass848906200382358835 -c credential.helper= -c credential.helper=/opt/teamcity-agent/temp/buildTmp/credHelper8221434626506758526.sh fetch --progress --recurse-submodules=no origin +refs/heads/master:refs/heads/master] remote: Counting objects:  15% (2/13)        
[13:48:14]i:				 [/usr/bin/git -c core.askpass=/opt/teamcity-agent/temp/buildTmp/pass848906200382358835 -c credential.helper= -c credential.helper=/opt/teamcity-agent/temp/buildTmp/credHelper8221434626506758526.sh fetch --progress --recurse-submodules=no origin +refs/heads/master:refs/heads/master] remote: Counting objects:  23% (3/13)        
[13:48:14]i:				 [/usr/bin/git -c core.askpass=/opt/teamcity-agent/temp/buildTmp/pass848906200382358835 -c credential.helper= -c credential.helper=/opt/teamcity-agent/temp/buildTmp/credHelper8221434626506758526.sh fetch --progress --recurse-submodules=no origin +refs/heads/master:refs/heads/master] remote: Counting objects:  30% (4/13)        
[13:48:14]i:				 [/usr/bin/git -c core.askpass=/opt/teamcity-agent/temp/buildTmp/pass848906200382358835 -c credential.helper= -c credential.helper=/opt/teamcity-agent/temp/buildTmp/credHelper8221434626506758526.sh fetch --progress --recurse-submodules=no origin +refs/heads/master:refs/heads/master] remote: Counting objects:  38% (5/13)        
[13:48:14]i:				 [/usr/bin/git -c core.askpass=/opt/teamcity-agent/temp/buildTmp/pass848906200382358835 -c credential.helper= -c credential.helper=/opt/teamcity-agent/temp/buildTmp/credHelper8221434626506758526.sh fetch --progress --recurse-submodules=no origin +refs/heads/master:refs/heads/master] remote: Counting objects:  46% (6/13)        
[13:48:14]i:				 [/usr/bin/git -c core.askpass=/opt/teamcity-agent/temp/buildTmp/pass848906200382358835 -c credential.helper= -c credential.helper=/opt/teamcity-agent/temp/buildTmp/credHelper8221434626506758526.sh fetch --progress --recurse-submodules=no origin +refs/heads/master:refs/heads/master] remote: Counting objects:  53% (7/13)        
[13:48:14]i:				 [/usr/bin/git -c core.askpass=/opt/teamcity-agent/temp/buildTmp/pass848906200382358835 -c credential.helper= -c credential.helper=/opt/teamcity-agent/temp/buildTmp/credHelper8221434626506758526.sh fetch --progress --recurse-submodules=no origin +refs/heads/master:refs/heads/master] remote: Counting objects:  61% (8/13)        
[13:48:14]i:				 [/usr/bin/git -c core.askpass=/opt/teamcity-agent/temp/buildTmp/pass848906200382358835 -c credential.helper= -c credential.helper=/opt/teamcity-agent/temp/buildTmp/credHelper8221434626506758526.sh fetch --progress --recurse-submodules=no origin +refs/heads/master:refs/heads/master] remote: Counting objects:  69% (9/13)        
[13:48:14]i:				 [/usr/bin/git -c core.askpass=/opt/teamcity-agent/temp/buildTmp/pass848906200382358835 -c credential.helper= -c credential.helper=/opt/teamcity-agent/temp/buildTmp/credHelper8221434626506758526.sh fetch --progress --recurse-submodules=no origin +refs/heads/master:refs/heads/master] remote: Counting objects:  76% (10/13)        
[13:48:14]i:				 [/usr/bin/git -c core.askpass=/opt/teamcity-agent/temp/buildTmp/pass848906200382358835 -c credential.helper= -c credential.helper=/opt/teamcity-agent/temp/buildTmp/credHelper8221434626506758526.sh fetch --progress --recurse-submodules=no origin +refs/heads/master:refs/heads/master] remote: Counting objects:  84% (11/13)        
[13:48:14]i:				 [/usr/bin/git -c core.askpass=/opt/teamcity-agent/temp/buildTmp/pass848906200382358835 -c credential.helper= -c credential.helper=/opt/teamcity-agent/temp/buildTmp/credHelper8221434626506758526.sh fetch --progress --recurse-submodules=no origin +refs/heads/master:refs/heads/master] remote: Counting objects:  92% (12/13)        
[13:48:15]i:				 [/usr/bin/git -c core.askpass=/opt/teamcity-agent/temp/buildTmp/pass848906200382358835 -c credential.helper= -c credential.helper=/opt/teamcity-agent/temp/buildTmp/credHelper8221434626506758526.sh fetch --progress --recurse-submodules=no origin +refs/heads/master:refs/heads/master] remote: Counting objects: 100% (13/13)        
[13:48:15]i:				 [/usr/bin/git -c core.askpass=/opt/teamcity-agent/temp/buildTmp/pass848906200382358835 -c credential.helper= -c credential.helper=/opt/teamcity-agent/temp/buildTmp/credHelper8221434626506758526.sh fetch --progress --recurse-submodules=no origin +refs/heads/master:refs/heads/master] remote: Counting objects: 100% (13/13), done.        
[13:48:15]i:				 [/usr/bin/git -c core.askpass=/opt/teamcity-agent/temp/buildTmp/pass848906200382358835 -c credential.helper= -c credential.helper=/opt/teamcity-agent/temp/buildTmp/credHelper8221434626506758526.sh fetch --progress --recurse-submodules=no origin +refs/heads/master:refs/heads/master] remote: Compressing objects:  33% (1/3)        
[13:48:15]i:				 [/usr/bin/git -c core.askpass=/opt/teamcity-agent/temp/buildTmp/pass848906200382358835 -c credential.helper= -c credential.helper=/opt/teamcity-agent/temp/buildTmp/credHelper8221434626506758526.sh fetch --progress --recurse-submodules=no origin +refs/heads/master:refs/heads/master] remote: Compressing objects:  66% (2/3)        
[13:48:15]i:				 [/usr/bin/git -c core.askpass=/opt/teamcity-agent/temp/buildTmp/pass848906200382358835 -c credential.helper= -c credential.helper=/opt/teamcity-agent/temp/buildTmp/credHelper8221434626506758526.sh fetch --progress --recurse-submodules=no origin +refs/heads/master:refs/heads/master] remote: Compressing objects: 100% (3/3)        
[13:48:15]i:				 [/usr/bin/git -c core.askpass=/opt/teamcity-agent/temp/buildTmp/pass848906200382358835 -c credential.helper= -c credential.helper=/opt/teamcity-agent/temp/buildTmp/credHelper8221434626506758526.sh fetch --progress --recurse-submodules=no origin +refs/heads/master:refs/heads/master] remote: Compressing objects: 100% (3/3), done.        
[13:48:15]i:				 [/usr/bin/git -c core.askpass=/opt/teamcity-agent/temp/buildTmp/pass848906200382358835 -c credential.helper= -c credential.helper=/opt/teamcity-agent/temp/buildTmp/credHelper8221434626506758526.sh fetch --progress --recurse-submodules=no origin +refs/heads/master:refs/heads/master] remote: Total 7 (delta 2), reused 7 (delta 2), pack-reused 0 (from 0)        
[13:48:15]i:				 [/usr/bin/git -c core.askpass=/opt/teamcity-agent/temp/buildTmp/pass848906200382358835 -c credential.helper= -c credential.helper=/opt/teamcity-agent/temp/buildTmp/credHelper8221434626506758526.sh fetch --progress --recurse-submodules=no origin +refs/heads/master:refs/heads/master] From https://github.com/vegorshkov/example-teamcity
[13:48:15]i:				 [/usr/bin/git -c core.askpass=/opt/teamcity-agent/temp/buildTmp/pass848906200382358835 -c credential.helper= -c credential.helper=/opt/teamcity-agent/temp/buildTmp/credHelper8221434626506758526.sh fetch --progress --recurse-submodules=no origin +refs/heads/master:refs/heads/master]    5b054b0..d55be07  master     -> master
[13:48:15]i:				 [/usr/bin/git -c core.askpass=/opt/teamcity-agent/temp/buildTmp/pass848906200382358835 -c credential.helper= -c credential.helper=/opt/teamcity-agent/temp/buildTmp/credHelper8221434626506758526.sh fetch --progress --recurse-submodules=no origin +refs/heads/master:refs/heads/master]    5b054b0..d55be07  master     -> origin/master
[13:48:15] :			 [Update git mirror (/opt/teamcity-agent/system/git/git-60F1052E.git)] /usr/bin/git log -n1 --pretty=format:%H%x20%s d55be074f960394df1628b65ca3ccfe1f0093a7b --
[13:48:15] :			 [Update git mirror (/opt/teamcity-agent/system/git/git-60F1052E.git)] /usr/bin/git pack-refs --all
[13:48:15] :		 [VCS Root: https://github.com/vegorshkov/example-teamcity] Update checkout directory (/opt/teamcity-agent/work/5871d05f33387ade)
[13:48:15] :			 [Update checkout directory (/opt/teamcity-agent/work/5871d05f33387ade)] /usr/bin/git rev-parse --is-shallow-repository
[13:48:15] :			 [Update checkout directory (/opt/teamcity-agent/work/5871d05f33387ade)] /usr/bin/git config lfs.storage /opt/teamcity-agent/system/git/git-60F1052E.git/lfs
[13:48:15] :			 [Update checkout directory (/opt/teamcity-agent/work/5871d05f33387ade)] /usr/bin/git config core.sparseCheckout true
[13:48:15] :			 [Update checkout directory (/opt/teamcity-agent/work/5871d05f33387ade)] /usr/bin/git config http.sslCAInfo
[13:48:15] :			 [Update checkout directory (/opt/teamcity-agent/work/5871d05f33387ade)] /usr/bin/git show-ref
[13:48:15] :			 [Update checkout directory (/opt/teamcity-agent/work/5871d05f33387ade)] /usr/bin/git show-ref refs/remotes/origin/master
[13:48:15] :			 [Update checkout directory (/opt/teamcity-agent/work/5871d05f33387ade)] /usr/bin/git log -n1 --pretty=format:%H%x20%s d55be074f960394df1628b65ca3ccfe1f0093a7b --
[13:48:15] :			 [Update checkout directory (/opt/teamcity-agent/work/5871d05f33387ade)] No 'git fetch' required: commit 'd55be074f960394df1628b65ca3ccfe1f0093a7b' is in the local repository clone pointed by 'refs/remotes/origin/master'.
[13:48:15] :			 [Update checkout directory (/opt/teamcity-agent/work/5871d05f33387ade)] /usr/bin/git branch
[13:48:15] :			 [Update checkout directory (/opt/teamcity-agent/work/5871d05f33387ade)] /usr/bin/git -c core.askpass=/opt/teamcity-agent/temp/buildTmp/pass7020255233087762564 -c credential.helper= -c credential.helper=/opt/teamcity-agent/temp/buildTmp/credHelper1610661865070856975.sh reset --hard d55be074f960394df1628b65ca3ccfe1f0093a7b
[13:48:15] :			 [Update checkout directory (/opt/teamcity-agent/work/5871d05f33387ade)] /usr/bin/git branch --set-upstream-to=refs/remotes/origin/master
[13:48:15] : Build preparation done
[13:48:15]W: Step 1/2: Maven Test (не-master ветки) (Maven)
[13:48:15]W:	 [Step 1/2] Build step Maven Test (не-master ветки) (Maven) is skipped because of unfulfilled condition: "vcsroot.branch does not equal refs/heads/master"
[13:48:15]E: Step 2/2: Maven Deploy for master (Maven) (5s)
[13:48:15]i:	 [Step 2/2] Build step condition "vcsroot.branch equals refs/heads/master" is satisfied
[13:48:15] :	 [Step 2/2] Using predefined Maven user settings: settings.xml
[13:48:15] :	 [Step 2/2] Using predefined Maven user settings: settings.xml
[13:48:15] :	 [Step 2/2] Initial M2_HOME not set
[13:48:15] :	 [Step 2/2] Current M2_HOME = /opt/teamcity-agent/tools/maven3_9
[13:48:15] :	 [Step 2/2] PATH = /opt/teamcity-agent/tools/maven3_9/bin:/usr/local/sbin:/usr/local/bin:/usr/sbin:/usr/bin:/sbin:/bin:/snap/bin
[13:48:15] :	 [Step 2/2] Using watcher: /opt/teamcity-agent/plugins/mavenPlugin/maven-watcher-jdk17/maven-watcher-agent.jar
[13:48:15] :	 [Step 2/2] Using agent local repository at /opt/teamcity-agent/system/jetbrains.maven.runner/maven.repo.local
[13:48:15] :	 [Step 2/2] *** Start reading the project structure ***
[13:48:15]i:	 [Step 2/2] Initial MAVEN_OPTS not set
[13:48:15]i:	 [Step 2/2] Current MAVEN_OPTS not set
[13:48:17]i:	 [Step 2/2] [INFO] Scanning for projects...
[13:48:17]i:	 [Step 2/2] [INFO] 
[13:48:17]i:	 [Step 2/2] [INFO] -----------------------< org.netology:plaindoll >-----------------------
[13:48:17]i:	 [Step 2/2] [INFO] Building plaindoll 0.0.2
[13:48:17]i:	 [Step 2/2] [INFO]   from info.7051435597972308686.pom.xml
[13:48:17]i:	 [Step 2/2] [INFO] --------------------------------[ jar ]---------------------------------
[13:48:17]i:	 [Step 2/2] [INFO] 
[13:48:17]i:	 [Step 2/2] [INFO] --- info3:1.4.8:info (default-cli) @ plaindoll ---
[13:48:17]i:	 [Step 2/2] [INFO] ------------------------------------------------------------------------
[13:48:17]i:	 [Step 2/2] [INFO] BUILD SUCCESS
[13:48:17]i:	 [Step 2/2] [INFO] ------------------------------------------------------------------------
[13:48:17]i:	 [Step 2/2] [INFO] Total time:  0.504 s
[13:48:17]i:	 [Step 2/2] [INFO] Finished at: 2026-03-17T13:48:17Z
[13:48:17]i:	 [Step 2/2] [INFO] ------------------------------------------------------------------------
[13:48:17]i:	 [Step 2/2] Process exited with code 0
[13:48:17] :	 [Step 2/2] Initial MAVEN_OPTS not set
[13:48:17] :	 [Step 2/2] Current MAVEN_OPTS not set
[13:48:17] :	 [Step 2/2] Starting: /usr/lib/jvm/java-8-openjdk-amd64/jre/bin/java -Dagent.home.dir=/opt/teamcity-agent -Dagent.name=teamcity-agent -Dagent.ownPort=9091 -Dagent.work.dir=/opt/teamcity-agent/work -Dbuild.number=11 -Dbuild.vcs.number=d55be074f960394df1628b65ca3ccfe1f0093a7b -Dbuild.vcs.number.1=d55be074f960394df1628b65ca3ccfe1f0093a7b -Dbuild.vcs.number.Netology_HttpsGithubComVegorshkovExampleTeamcity=d55be074f960394df1628b65ca3ccfe1f0093a7b -Dclassworlds.conf=/opt/teamcity-agent/temp/buildTmp/teamcity.m2.conf -Dcom.jetbrains.maven.watcher.report.file=/opt/teamcity-agent/temp/buildTmp/maven-build-info.xml -Djava.io.tmpdir=/opt/teamcity-agent/temp/buildTmp -Dmaven.home=/opt/teamcity-agent/tools/maven3_9 -Dmaven.multiModuleProjectDirectory=/opt/teamcity-agent/work/5871d05f33387ade -Dteamcity.agent.cpuBenchmark=466 -Dteamcity.auth.password=******* -Dteamcity.auth.userId=TeamCityBuildId=204 -Dteamcity.build.changedFiles.file=/opt/teamcity-agent/temp/buildTmp/teamcity.changedFiles.txt -Dteamcity.build.checkoutDir=/opt/teamcity-agent/work/5871d05f33387ade -Dteamcity.build.id=204 -Dteamcity.build.properties.file=/opt/teamcity-agent/temp/buildTmp/teamcity.build.parameters -Dteamcity.build.properties.file.checksum=/opt/teamcity-agent/temp/buildTmp/teamcity.build.parameters.checksum -Dteamcity.build.tempDir=/opt/teamcity-agent/temp/buildTmp -Dteamcity.build.workingDir=/opt/teamcity-agent/work/5871d05f33387ade -Dteamcity.buildConfName=example-teamcity-build -Dteamcity.buildType.id=Netology_ExampleTeamcityBuild -Dteamcity.configuration.properties.file=/opt/teamcity-agent/temp/buildTmp/teamcity.config.parameters -Dteamcity.maven.userSettings.path=/opt/teamcity-agent/temp/buildTmp/maven_settings_5735929406215805588.xml -Dteamcity.maven.watcher.home=/opt/teamcity-agent/plugins/mavenPlugin/maven-watcher-jdk17 -Dteamcity.projectName=netology -Dteamcity.runner.properties.file=/opt/teamcity-agent/temp/buildTmp/teamcity.runner.parameters -Dteamcity.tests.recentlyFailedTests.file=/opt/teamcity-agent/temp/buildTmp/teamcity.testsToRunFirst.txt -Dteamcity.version=2025.11.3 (build 208117) -Dmaven.repo.local=/opt/teamcity-agent/system/jetbrains.maven.runner/maven.repo.local -classpath /opt/teamcity-agent/tools/maven3_9/boot/plexus-classworlds-2.7.0.jar: org.codehaus.plexus.classworlds.launcher.Launcher -f /opt/teamcity-agent/work/5871d05f33387ade/pom.xml -B -s /opt/teamcity-agent/temp/buildTmp/maven_settings_5735929406215805588.xml clean deploy
[13:48:17] :	 [Step 2/2] in directory: /opt/teamcity-agent/work/5871d05f33387ade
[13:48:19] :	 [Step 2/2] [INFO] Scanning for projects...
[13:48:19] :	 [Step 2/2] [INFO] 
[13:48:19] :	 [Step 2/2] [INFO] -----------------------< org.netology:plaindoll >-----------------------
[13:48:19] :	 [Step 2/2] [INFO] Building plaindoll 0.0.2
[13:48:19] :	 [Step 2/2] [INFO]   from pom.xml
[13:48:19] :	 [Step 2/2] [INFO] --------------------------------[ jar ]---------------------------------
[13:48:19] :	 [Step 2/2] [Maven Watcher] project started: org.netology:plaindoll:jar:0.0.2
[13:48:19] :	 [Step 2/2] org.netology:plaindoll (1s)
[13:48:19]i:		 [org.netology:plaindoll] ##teamcity[importData tc:tags='tc:internal' type='surefire' path='/opt/teamcity-agent/work/5871d05f33387ade/target/failsafe-reports/TEST-*.xml' whenNoDataPublished='nothing' logAsInternal='true' rerunFailingTestsEnabled='false']
[13:48:19]i:		 [org.netology:plaindoll] ##teamcity[importData tc:tags='tc:internal' type='surefire' path='/opt/teamcity-agent/work/5871d05f33387ade/target/surefire-reports/TEST-*.xml' whenNoDataPublished='nothing' logAsInternal='true' rerunFailingTestsEnabled='false']
[13:48:19] :	 [Step 2/2] Importing data from '/opt/teamcity-agent/work/5871d05f33387ade/target/failsafe-reports/TEST-*.xml' with 'surefire' processor
[13:48:19] :	 [Step 2/2] Importing data from '/opt/teamcity-agent/work/5871d05f33387ade/target/surefire-reports/TEST-*.xml' with 'surefire' processor
[13:48:19] :	 [Step 2/2] [Maven Watcher] 
[13:48:19]i:	 [Step 2/2] ##teamcity[projectStarted tc:tags='tc:internal' projectId='org.netology:plaindoll:jar:0.0.2' groupId='org.netology' artifactId='plaindoll' testReportsDir0='/opt/teamcity-agent/work/5871d05f33387ade/target/failsafe-reports' testReportsDir1='/opt/teamcity-agent/work/5871d05f33387ade/target/surefire-reports']
[13:48:19] :	 [Step 2/2] Surefire report watcher
[13:48:19] :		 [Surefire report watcher] Watching paths:
[13:48:19] :		 [Surefire report watcher] /opt/teamcity-agent/work/5871d05f33387ade/target/failsafe-reports/TEST-*.xml
[13:48:19] :	 [Step 2/2] Surefire report watcher
[13:48:19] :		 [Surefire report watcher] Watching paths:
[13:48:19] :		 [Surefire report watcher] /opt/teamcity-agent/work/5871d05f33387ade/target/surefire-reports/TEST-*.xml
[13:48:19] :	 [Step 2/2] [INFO] 
[13:48:19] :	 [Step 2/2] [INFO] --- clean:3.2.0:clean (default-clean) @ plaindoll ---
[13:48:20] :	 [Step 2/2] [INFO] Deleting /opt/teamcity-agent/work/5871d05f33387ade/target
[13:48:20] :	 [Step 2/2] [INFO] 
[13:48:20] :	 [Step 2/2] [INFO] --- resources:3.3.1:resources (default-resources) @ plaindoll ---
[13:48:20]W:	 [Step 2/2] [WARNING] Using platform encoding (UTF-8 actually) to copy filtered resources, i.e. build is platform dependent!
[13:48:20] :	 [Step 2/2] [INFO] skip non existing resourceDirectory /opt/teamcity-agent/work/5871d05f33387ade/src/main/resources
[13:48:20] :	 [Step 2/2] [INFO] 
[13:48:20] :	 [Step 2/2] [INFO] --- compiler:3.11.0:compile (default-compile) @ plaindoll ---
[13:48:20] :	 [Step 2/2] [INFO] Changes detected - recompiling the module! :source
[13:48:20]W:	 [Step 2/2] [WARNING] File encoding has not been set, using platform encoding UTF-8, i.e. build is platform dependent!
[13:48:20] :	 [Step 2/2] [INFO] Compiling 2 source files with javac [debug target 1.8] to target/classes
[13:48:20] :	 [Step 2/2] [INFO] -------------------------------------------------------------
[13:48:20]W:	 [Step 2/2] [ERROR] COMPILATION ERROR : 
[13:48:20] :	 [Step 2/2] [INFO] -------------------------------------------------------------
[13:48:20]W:	 [Step 2/2] [ERROR] /opt/teamcity-agent/work/5871d05f33387ade/src/main/java/plaindoll/Welcomer.java:[1,8] duplicate class: Welcomer
[13:48:20]W:	 [Step 2/2] [ERROR] /opt/teamcity-agent/work/5871d05f33387ade/src/main/java/plaindoll/HelloPlayer.java:[5,17] cannot access plaindoll.Welcomer
[13:48:20] :	 [Step 2/2]   bad source file: /opt/teamcity-agent/work/5871d05f33387ade/src/main/java/plaindoll/Welcomer.java
[13:48:20] :	 [Step 2/2]     file does not contain class plaindoll.Welcomer
[13:48:20] :	 [Step 2/2]     Please remove or make sure it appears in the correct subdirectory of the sourcepath.
[13:48:20] :	 [Step 2/2] [INFO] 2 errors 
[13:48:20] :	 [Step 2/2] [INFO] -------------------------------------------------------------
[13:48:20] :	 [Step 2/2] [Maven Watcher] 
[13:48:20]E:	 [Step 2/2] Compiler
[13:48:20] :		 [Compiler] [Maven Watcher] 
[13:48:20]E:		 [Compiler] /opt/teamcity-agent/work/5871d05f33387ade/src/main/java/plaindoll/Welcomer.java:[1,8] duplicate class: Welcomer
            		 /opt/teamcity-agent/work/5871d05f33387ade/src/main/java/plaindoll/HelloPlayer.java:[5,17] cannot access plaindoll.Welcomer
            		   bad source file: /opt/teamcity-agent/work/5871d05f33387ade/src/main/java/plaindoll/Welcomer.java
            		     file does not contain class plaindoll.Welcomer
            		     Please remove or make sure it appears in the correct subdirectory of the sourcepath.
            		 
[13:48:20] :		 [Compiler] [Maven Watcher] 
[13:48:20] :	 [Step 2/2] [Maven Watcher] 
[13:48:20]i:	 [Step 2/2] ##teamcity[projectFinished tc:tags='tc:internal' projectId='org.netology:plaindoll:jar:0.0.2']
[13:48:20] :	 [Step 2/2] [INFO] ------------------------------------------------------------------------
[13:48:20] :	 [Step 2/2] [INFO] BUILD FAILURE
[13:48:20] :	 [Step 2/2] [INFO] ------------------------------------------------------------------------
[13:48:20] :	 [Step 2/2] [INFO] Total time:  1.161 s
[13:48:20] :	 [Step 2/2] [INFO] Finished at: 2026-03-17T13:48:20Z
[13:48:20] :	 [Step 2/2] [INFO] ------------------------------------------------------------------------
[13:48:20] :	 [Step 2/2] [Maven Watcher] building report document...
[13:48:20] :	 [Step 2/2] [Maven Watcher] building report document done
[13:48:20] :	 [Step 2/2] [Maven Watcher] writing report to /opt/teamcity-agent/temp/buildTmp/maven-build-info.xml
[13:48:20] :	 [Step 2/2] [Maven Watcher] done writing report
[13:48:20]W:	 [Step 2/2] [ERROR] Failed to execute goal org.apache.maven.plugins:maven-compiler-plugin:3.11.0:compile (default-compile) on project plaindoll: Compilation failure: Compilation failure: 
[13:48:20]W:	 [Step 2/2] [ERROR] /opt/teamcity-agent/work/5871d05f33387ade/src/main/java/plaindoll/Welcomer.java:[1,8] duplicate class: Welcomer
[13:48:20]W:	 [Step 2/2] [ERROR] /opt/teamcity-agent/work/5871d05f33387ade/src/main/java/plaindoll/HelloPlayer.java:[5,17] cannot access plaindoll.Welcomer
[13:48:20]W:	 [Step 2/2] [ERROR]   bad source file: /opt/teamcity-agent/work/5871d05f33387ade/src/main/java/plaindoll/Welcomer.java
[13:48:20]W:	 [Step 2/2] [ERROR]     file does not contain class plaindoll.Welcomer
[13:48:20]W:	 [Step 2/2] [ERROR]     Please remove or make sure it appears in the correct subdirectory of the sourcepath.
[13:48:20]W:	 [Step 2/2] [ERROR] -> [Help 1]
[13:48:20]W:	 [Step 2/2] [ERROR] 
[13:48:20]W:	 [Step 2/2] [ERROR] To see the full stack trace of the errors, re-run Maven with the -e switch.
[13:48:20]W:	 [Step 2/2] [ERROR] Re-run Maven using the -X switch to enable full debug logging.
[13:48:20]W:	 [Step 2/2] [ERROR] 
[13:48:20]W:	 [Step 2/2] [ERROR] For more information about the errors and possible solutions, please read the following articles:
[13:48:20]W:	 [Step 2/2] [ERROR] [Help 1] http://cwiki.apache.org/confluence/display/MAVEN/MojoFailureException
[13:48:20]W:	 [Step 2/2] Process exited with code 1
[13:48:20] :	 [Step 2/2] Publishing artifacts
[13:48:20] :		 [Publishing artifacts] Collecting files to publish: [/opt/teamcity-agent/temp/buildTmp/.tc-maven-bi/maven-build-info.xml.gz => .teamcity]
[13:48:20] :		 [Publishing artifacts] Publishing 1 file using [WebPublisher]: /opt/teamcity-agent/temp/buildTmp/.tc-maven-bi/maven-build-info.xml.gz => .teamcity
[13:48:20] :		 [Publishing artifacts] Publishing 1 file using [ArtifactsCachePublisherImpl]: /opt/teamcity-agent/temp/buildTmp/.tc-maven-bi/maven-build-info.xml.gz => .teamcity
[13:48:20]i:		 [Publishing artifacts] Will publish 1 artifact(s) to TeamCity node with id MAIN_SERVER
[13:48:20]E:	 [Step 2/2] Process exited with code 1 (Step: Maven Deploy for master (Maven))
[13:48:20] :	 [Step 2/2] Waiting for 2 service processes to complete
[13:48:21]E:	 [Step 2/2] Step Maven Deploy for master (Maven) failed
[13:48:21]i: Stopping performance monitoring process
[13:48:23]i: Performance monitoring process stopped
[13:48:23]i: Publishing performance monitoring build stages data
[13:48:23] : Publishing artifacts
[13:48:23] :	 [Publishing artifacts] Collecting files to publish: [/opt/teamcity-agent/system/perfmon/temp/204/perfmon.csv=>.teamcity/perfmon/, /opt/teamcity-agent/temp/agentTmp/build_stages.txt=>.teamcity/perfmon/]
[13:48:23] :	 [Publishing artifacts] Publishing 2 files using [WebPublisher]: /opt/teamcity-agent/system/perfmon/temp/204/perfmon.csv, /opt/teamcity-agent/temp/agentTmp/build_stages.txt => .teamcity/perfmon
[13:48:23] :	 [Publishing artifacts] Publishing 2 files using [ArtifactsCachePublisherImpl]: /opt/teamcity-agent/system/perfmon/temp/204/perfmon.csv, /opt/teamcity-agent/temp/agentTmp/build_stages.txt => .teamcity/perfmon
[13:48:23]i:	 [Publishing artifacts] Will publish 2 artifact(s) to TeamCity node with id MAIN_SERVER
[13:48:23] : Publishing internal artifacts
[13:48:23] :	 [Publishing internal artifacts] Publishing 1 file using [WebPublisher]
[13:48:23] :	 [Publishing internal artifacts] Publishing 1 file using [ArtifactsCachePublisherImpl]
[13:48:23]i:	 [Publishing internal artifacts] Will publish 1 artifact(s) to TeamCity node with id MAIN_SERVER
[13:48:23] : Publishing internal artifacts
[13:48:24] : Build finished
