Build 'netology / example-teamcity-build' #9
Triggered 2026-03-17 13:04:12 by 'admin'
Started 2026-03-17 13:04:18 on agent 'teamcity-agent'
Finished 2026-03-17 13:04:59 with status FAILURE 'Tests passed: 5; exit code 1 (Step: Maven Deploy for master (Maven))'
VCS revisions: 'Netology_HttpsGithubComVegorshkovExampleTeamcity' (Git, instance id 2): '6fc291acc02e94372f33f977c19604a9eb0d52bc' (branch: 'refs/heads/master')
TeamCity URL http://62.84.118.135:8111/buildConfiguration/Netology_ExampleTeamcityBuild/202 
TeamCity server version is 2025.11.3 (build 208117), server timezone: GMT (UTC)
Log entries are grouped by flowIds, so they might not be fully ordered by timestamps

[13:04:12]E: bt1 (46s)
[13:04:12]i: TeamCity server version is 2025.11.3 (build 208117)
[13:04:12] : Finalize build settings
[13:04:17] : The build is removed from the queue to be prepared for the start
[13:04:17] : Collecting changes in 1 VCS root
[13:04:17] :	 [Collecting changes in 1 VCS root] VCS Root details
[13:04:17] :		 [VCS Root details] "https://github.com/vegorshkov/example-teamcity" {instance id=2, parent internal id=1, parent id=Netology_HttpsGithubComVegorshkovExampleTeamcity, description: "https://github.com/vegorshkov/example-teamcity#refs/heads/master"}
[13:04:17]i:	 [Collecting changes in 1 VCS root] Loading current repository state for VCS root 'https://github.com/vegorshkov/example-teamcity'
[13:04:17]i:		 [Loading current repository state for VCS root 'https://github.com/vegorshkov/example-teamcity'] VCS root 'https://github.com/vegorshkov/example-teamcity': git -c core.askpass=/opt/teamcity/temp/pass11943047937051603072 -c credential.helper= -c credential.helper=/opt/teamcity/temp/credHelper12565051953382927970.sh ls-remote origin
[13:04:18]i:	 [Collecting changes in 1 VCS root] Detecting changes in VCS root 'https://github.com/vegorshkov/example-teamcity' (used in 'example-teamcity-build')
[13:04:18]i:	 [Collecting changes in 1 VCS root] Will collect changes for 'https://github.com/vegorshkov/example-teamcity' starting from revision 6fc291acc02e94372f33f977c19604a9eb0d52bc
[13:04:18] : Compute revision for 'https://github.com/vegorshkov/example-teamcity'
[13:04:18] :	 [Compute revision for 'https://github.com/vegorshkov/example-teamcity'] Upper limit revision: 6fc291acc02e94372f33f977c19604a9eb0d52bc
[13:04:18]i:	 [Compute revision for 'https://github.com/vegorshkov/example-teamcity'] MaxModId = 3
[13:04:18] :	 [Compute revision for 'https://github.com/vegorshkov/example-teamcity'] Computed revision: 6fc291acc02e94372f33f977c19604a9eb0d52bc
[13:04:18] : Starting the build on the agent "teamcity-agent"
[13:04:18]i: Agent time zone: Etc/UTC
[13:04:18]i: Agent is running under JRE: 1.8.0_482-8u482-ga~us1-0ubuntu1~22.04-b08
[13:04:18] : Updating tools for build
[13:04:18] :	 [Updating tools for build] Found 1 tool used by the build: maven3_9
[13:04:18] :	 [Updating tools for build] All used tools are up-to-date
[13:04:18] : Clearing temporary directory: /opt/teamcity-agent/temp/buildTmp
[13:04:18]i: Preparing performance monitoring data directory: /opt/teamcity-agent/system/perfmon
[13:04:18]i: Performance monitor is using command line: [perl, /opt/teamcity-agent/system/perfmon/scripts/vmstatlinux.pl, /opt/teamcity-agent/system/perfmon/temp/202/perfmon.csv, 1000]
[13:04:18]i: Starting performance monitoring process
[13:04:18]i: Performance monitoring process started
[13:04:18] : Publishing internal artifacts
[13:04:18] :	 [Publishing internal artifacts] Publishing 1 file using [WebPublisher]
[13:04:18] :	 [Publishing internal artifacts] Publishing 1 file using [ArtifactsCachePublisherImpl]
[13:04:18]i:	 [Publishing internal artifacts] Will publish 1 artifact(s) to TeamCity node with id MAIN_SERVER
[13:04:18] : Using vcs information from agent file: 5871d05f33387ade.xml
[13:04:18] : Checkout directory: /opt/teamcity-agent/work/5871d05f33387ade
[13:04:18] : Updating sources: auto checkout (on agent) (1s)
[13:04:18] :	 [Updating sources] Will use agent side checkout
[13:04:18] :	 [Updating sources] VCS Root: https://github.com/vegorshkov/example-teamcity (1s)
[13:04:18] :		 [VCS Root: https://github.com/vegorshkov/example-teamcity] revision: 6fc291acc02e94372f33f977c19604a9eb0d52bc
[13:04:18]i:		 [VCS Root: https://github.com/vegorshkov/example-teamcity] Mirrors automatically enabled
[13:04:18] :		 [VCS Root: https://github.com/vegorshkov/example-teamcity] Git version: 2.34.1.0
[13:04:18] :		 [VCS Root: https://github.com/vegorshkov/example-teamcity] Update git mirror (/opt/teamcity-agent/system/git/git-60F1052E.git) (1s)
[13:04:18] :			 [Update git mirror (/opt/teamcity-agent/system/git/git-60F1052E.git)] /usr/bin/git config http.sslCAInfo
[13:04:19] :			 [Update git mirror (/opt/teamcity-agent/system/git/git-60F1052E.git)] /usr/bin/git show-ref
[13:04:19] :			 [Update git mirror (/opt/teamcity-agent/system/git/git-60F1052E.git)] /usr/bin/git -c core.askpass=/opt/teamcity-agent/temp/buildTmp/pass857577279381554832 -c credential.helper= -c credential.helper=/opt/teamcity-agent/temp/buildTmp/credHelper7348551125088535385.sh ls-remote origin
[13:04:19] :			 [Update git mirror (/opt/teamcity-agent/system/git/git-60F1052E.git)] /usr/bin/git show-ref refs/heads/master
[13:04:19] :			 [Update git mirror (/opt/teamcity-agent/system/git/git-60F1052E.git)] /usr/bin/git log -n1 --pretty=format:%H%x20%s 6fc291acc02e94372f33f977c19604a9eb0d52bc --
[13:04:19]i:			 [Update git mirror (/opt/teamcity-agent/system/git/git-60F1052E.git)] fatal: bad object 6fc291acc02e94372f33f977c19604a9eb0d52bc
[13:04:19] :			 [Update git mirror (/opt/teamcity-agent/system/git/git-60F1052E.git)] 'git fetch' required: commit '6fc291acc02e94372f33f977c19604a9eb0d52bc' is not found in the local repository clone.
[13:04:19] :			 [Update git mirror (/opt/teamcity-agent/system/git/git-60F1052E.git)] /usr/bin/git -c core.askpass=/opt/teamcity-agent/temp/buildTmp/pass4368681013859083709 -c credential.helper= -c credential.helper=/opt/teamcity-agent/temp/buildTmp/credHelper6589260910392193681.sh fetch --progress --recurse-submodules=no origin +refs/heads/master:refs/heads/master
[13:04:20]i:				 [/usr/bin/git -c core.askpass=/opt/teamcity-agent/temp/buildTmp/pass4368681013859083709 -c credential.helper= -c credential.helper=/opt/teamcity-agent/temp/buildTmp/credHelper6589260910392193681.sh fetch --progress --recurse-submodules=no origin +refs/heads/master:refs/heads/master] remote: Enumerating objects: 7, done.        
[13:04:20]i:				 [/usr/bin/git -c core.askpass=/opt/teamcity-agent/temp/buildTmp/pass4368681013859083709 -c credential.helper= -c credential.helper=/opt/teamcity-agent/temp/buildTmp/credHelper6589260910392193681.sh fetch --progress --recurse-submodules=no origin +refs/heads/master:refs/heads/master] remote: Counting objects:  14% (1/7)        
[13:04:20]i:				 [/usr/bin/git -c core.askpass=/opt/teamcity-agent/temp/buildTmp/pass4368681013859083709 -c credential.helper= -c credential.helper=/opt/teamcity-agent/temp/buildTmp/credHelper6589260910392193681.sh fetch --progress --recurse-submodules=no origin +refs/heads/master:refs/heads/master] remote: Counting objects:  28% (2/7)        
[13:04:20]i:				 [/usr/bin/git -c core.askpass=/opt/teamcity-agent/temp/buildTmp/pass4368681013859083709 -c credential.helper= -c credential.helper=/opt/teamcity-agent/temp/buildTmp/credHelper6589260910392193681.sh fetch --progress --recurse-submodules=no origin +refs/heads/master:refs/heads/master] remote: Counting objects:  42% (3/7)        
[13:04:20]i:				 [/usr/bin/git -c core.askpass=/opt/teamcity-agent/temp/buildTmp/pass4368681013859083709 -c credential.helper= -c credential.helper=/opt/teamcity-agent/temp/buildTmp/credHelper6589260910392193681.sh fetch --progress --recurse-submodules=no origin +refs/heads/master:refs/heads/master] remote: Counting objects:  57% (4/7)        
[13:04:20]i:				 [/usr/bin/git -c core.askpass=/opt/teamcity-agent/temp/buildTmp/pass4368681013859083709 -c credential.helper= -c credential.helper=/opt/teamcity-agent/temp/buildTmp/credHelper6589260910392193681.sh fetch --progress --recurse-submodules=no origin +refs/heads/master:refs/heads/master] remote: Counting objects:  71% (5/7)        
[13:04:20]i:				 [/usr/bin/git -c core.askpass=/opt/teamcity-agent/temp/buildTmp/pass4368681013859083709 -c credential.helper= -c credential.helper=/opt/teamcity-agent/temp/buildTmp/credHelper6589260910392193681.sh fetch --progress --recurse-submodules=no origin +refs/heads/master:refs/heads/master] remote: Counting objects:  85% (6/7)        
[13:04:20]i:				 [/usr/bin/git -c core.askpass=/opt/teamcity-agent/temp/buildTmp/pass4368681013859083709 -c credential.helper= -c credential.helper=/opt/teamcity-agent/temp/buildTmp/credHelper6589260910392193681.sh fetch --progress --recurse-submodules=no origin +refs/heads/master:refs/heads/master] remote: Counting objects: 100% (7/7)        
[13:04:20]i:				 [/usr/bin/git -c core.askpass=/opt/teamcity-agent/temp/buildTmp/pass4368681013859083709 -c credential.helper= -c credential.helper=/opt/teamcity-agent/temp/buildTmp/credHelper6589260910392193681.sh fetch --progress --recurse-submodules=no origin +refs/heads/master:refs/heads/master] remote: Counting objects: 100% (7/7), done.        
[13:04:20]i:				 [/usr/bin/git -c core.askpass=/opt/teamcity-agent/temp/buildTmp/pass4368681013859083709 -c credential.helper= -c credential.helper=/opt/teamcity-agent/temp/buildTmp/credHelper6589260910392193681.sh fetch --progress --recurse-submodules=no origin +refs/heads/master:refs/heads/master] remote: Compressing objects: 100% (1/1)        
[13:04:20]i:				 [/usr/bin/git -c core.askpass=/opt/teamcity-agent/temp/buildTmp/pass4368681013859083709 -c credential.helper= -c credential.helper=/opt/teamcity-agent/temp/buildTmp/credHelper6589260910392193681.sh fetch --progress --recurse-submodules=no origin +refs/heads/master:refs/heads/master] remote: Compressing objects: 100% (1/1), done.        
[13:04:20]i:				 [/usr/bin/git -c core.askpass=/opt/teamcity-agent/temp/buildTmp/pass4368681013859083709 -c credential.helper= -c credential.helper=/opt/teamcity-agent/temp/buildTmp/credHelper6589260910392193681.sh fetch --progress --recurse-submodules=no origin +refs/heads/master:refs/heads/master] remote: Total 4 (delta 3), reused 4 (delta 3), pack-reused 0 (from 0)        
[13:04:20]i:				 [/usr/bin/git -c core.askpass=/opt/teamcity-agent/temp/buildTmp/pass4368681013859083709 -c credential.helper= -c credential.helper=/opt/teamcity-agent/temp/buildTmp/credHelper6589260910392193681.sh fetch --progress --recurse-submodules=no origin +refs/heads/master:refs/heads/master] From https://github.com/vegorshkov/example-teamcity
[13:04:20]i:				 [/usr/bin/git -c core.askpass=/opt/teamcity-agent/temp/buildTmp/pass4368681013859083709 -c credential.helper= -c credential.helper=/opt/teamcity-agent/temp/buildTmp/credHelper6589260910392193681.sh fetch --progress --recurse-submodules=no origin +refs/heads/master:refs/heads/master]    06173ea..6fc291a  master     -> master
[13:04:20]i:				 [/usr/bin/git -c core.askpass=/opt/teamcity-agent/temp/buildTmp/pass4368681013859083709 -c credential.helper= -c credential.helper=/opt/teamcity-agent/temp/buildTmp/credHelper6589260910392193681.sh fetch --progress --recurse-submodules=no origin +refs/heads/master:refs/heads/master]    06173ea..6fc291a  master     -> origin/master
[13:04:20] :			 [Update git mirror (/opt/teamcity-agent/system/git/git-60F1052E.git)] /usr/bin/git log -n1 --pretty=format:%H%x20%s 6fc291acc02e94372f33f977c19604a9eb0d52bc --
[13:04:20] :			 [Update git mirror (/opt/teamcity-agent/system/git/git-60F1052E.git)] /usr/bin/git pack-refs --all
[13:04:20] :		 [VCS Root: https://github.com/vegorshkov/example-teamcity] Update checkout directory (/opt/teamcity-agent/work/5871d05f33387ade)
[13:04:20] :			 [Update checkout directory (/opt/teamcity-agent/work/5871d05f33387ade)] /usr/bin/git rev-parse --is-shallow-repository
[13:04:20] :			 [Update checkout directory (/opt/teamcity-agent/work/5871d05f33387ade)] /usr/bin/git config lfs.storage /opt/teamcity-agent/system/git/git-60F1052E.git/lfs
[13:04:20] :			 [Update checkout directory (/opt/teamcity-agent/work/5871d05f33387ade)] /usr/bin/git config core.sparseCheckout true
[13:04:20] :			 [Update checkout directory (/opt/teamcity-agent/work/5871d05f33387ade)] /usr/bin/git config http.sslCAInfo
[13:04:20] :			 [Update checkout directory (/opt/teamcity-agent/work/5871d05f33387ade)] /usr/bin/git show-ref
[13:04:20] :			 [Update checkout directory (/opt/teamcity-agent/work/5871d05f33387ade)] /usr/bin/git show-ref refs/remotes/origin/master
[13:04:20] :			 [Update checkout directory (/opt/teamcity-agent/work/5871d05f33387ade)] /usr/bin/git log -n1 --pretty=format:%H%x20%s 6fc291acc02e94372f33f977c19604a9eb0d52bc --
[13:04:20] :			 [Update checkout directory (/opt/teamcity-agent/work/5871d05f33387ade)] No 'git fetch' required: commit '6fc291acc02e94372f33f977c19604a9eb0d52bc' is in the local repository clone pointed by 'refs/remotes/origin/master'.
[13:04:20] :			 [Update checkout directory (/opt/teamcity-agent/work/5871d05f33387ade)] /usr/bin/git branch
[13:04:20] :			 [Update checkout directory (/opt/teamcity-agent/work/5871d05f33387ade)] /usr/bin/git -c core.askpass=/opt/teamcity-agent/temp/buildTmp/pass209549434278308069 -c credential.helper= -c credential.helper=/opt/teamcity-agent/temp/buildTmp/credHelper7187460934884321044.sh reset --hard 6fc291acc02e94372f33f977c19604a9eb0d52bc
[13:04:20] :			 [Update checkout directory (/opt/teamcity-agent/work/5871d05f33387ade)] /usr/bin/git branch --set-upstream-to=refs/remotes/origin/master
[13:04:20] : Build preparation done
[13:04:20]W: Step 1/2: Maven Test (не-master ветки) (Maven)
[13:04:20]W:	 [Step 1/2] Build step Maven Test (не-master ветки) (Maven) is skipped because of unfulfilled condition: "vcsroot.branch does not equal refs/heads/master"
[13:04:20]E: Step 2/2: Maven Deploy for master (Maven) (28s)
[13:04:20]i:	 [Step 2/2] Build step condition "vcsroot.branch equals refs/heads/master" is satisfied
[13:04:21] :	 [Step 2/2] Using predefined Maven user settings: settings.xml
[13:04:21] :	 [Step 2/2] Using predefined Maven user settings: settings.xml
[13:04:21] :	 [Step 2/2] Initial M2_HOME not set
[13:04:21] :	 [Step 2/2] Current M2_HOME = /opt/teamcity-agent/tools/maven3_9
[13:04:21] :	 [Step 2/2] PATH = /opt/teamcity-agent/tools/maven3_9/bin:/usr/local/sbin:/usr/local/bin:/usr/sbin:/usr/bin:/sbin:/bin:/snap/bin
[13:04:21] :	 [Step 2/2] Using watcher: /opt/teamcity-agent/plugins/mavenPlugin/maven-watcher-jdk17/maven-watcher-agent.jar
[13:04:21] :	 [Step 2/2] Using agent local repository at /opt/teamcity-agent/system/jetbrains.maven.runner/maven.repo.local
[13:04:21] :	 [Step 2/2] *** Start reading the project structure ***
[13:04:21]i:	 [Step 2/2] Initial MAVEN_OPTS not set
[13:04:21]i:	 [Step 2/2] Current MAVEN_OPTS not set
[13:04:22]i:	 [Step 2/2] [INFO] Scanning for projects...
[13:04:23]i:	 [Step 2/2] [INFO] 
[13:04:23]i:	 [Step 2/2] [INFO] -----------------------< org.netology:plaindoll >-----------------------
[13:04:23]i:	 [Step 2/2] [INFO] Building plaindoll 0.0.2
[13:04:23]i:	 [Step 2/2] [INFO]   from info.6048758007669827169.pom.xml
[13:04:23]i:	 [Step 2/2] [INFO] --------------------------------[ jar ]---------------------------------
[13:04:23]i:	 [Step 2/2] [INFO] 
[13:04:23]i:	 [Step 2/2] [INFO] --- info3:1.4.8:info (default-cli) @ plaindoll ---
[13:04:23]i:	 [Step 2/2] [INFO] ------------------------------------------------------------------------
[13:04:23]i:	 [Step 2/2] [INFO] BUILD SUCCESS
[13:04:23]i:	 [Step 2/2] [INFO] ------------------------------------------------------------------------
[13:04:23]i:	 [Step 2/2] [INFO] Total time:  0.466 s
[13:04:23]i:	 [Step 2/2] [INFO] Finished at: 2026-03-17T13:04:23Z
[13:04:23]i:	 [Step 2/2] [INFO] ------------------------------------------------------------------------
[13:04:23]i:	 [Step 2/2] Process exited with code 0
[13:04:23] :	 [Step 2/2] Initial MAVEN_OPTS not set
[13:04:23] :	 [Step 2/2] Current MAVEN_OPTS not set
[13:04:23] :	 [Step 2/2] Starting: /usr/lib/jvm/java-8-openjdk-amd64/jre/bin/java -Dagent.home.dir=/opt/teamcity-agent -Dagent.name=teamcity-agent -Dagent.ownPort=9091 -Dagent.work.dir=/opt/teamcity-agent/work -Dbuild.number=9 -Dbuild.vcs.number=6fc291acc02e94372f33f977c19604a9eb0d52bc -Dbuild.vcs.number.1=6fc291acc02e94372f33f977c19604a9eb0d52bc -Dbuild.vcs.number.Netology_HttpsGithubComVegorshkovExampleTeamcity=6fc291acc02e94372f33f977c19604a9eb0d52bc -Dclassworlds.conf=/opt/teamcity-agent/temp/buildTmp/teamcity.m2.conf -Dcom.jetbrains.maven.watcher.report.file=/opt/teamcity-agent/temp/buildTmp/maven-build-info.xml -Djava.io.tmpdir=/opt/teamcity-agent/temp/buildTmp -Dmaven.home=/opt/teamcity-agent/tools/maven3_9 -Dmaven.multiModuleProjectDirectory=/opt/teamcity-agent/work/5871d05f33387ade -Dteamcity.agent.cpuBenchmark=466 -Dteamcity.auth.password=******* -Dteamcity.auth.userId=TeamCityBuildId=202 -Dteamcity.build.changedFiles.file=/opt/teamcity-agent/temp/buildTmp/teamcity.changedFiles.txt -Dteamcity.build.checkoutDir=/opt/teamcity-agent/work/5871d05f33387ade -Dteamcity.build.id=202 -Dteamcity.build.properties.file=/opt/teamcity-agent/temp/buildTmp/teamcity.build.parameters -Dteamcity.build.properties.file.checksum=/opt/teamcity-agent/temp/buildTmp/teamcity.build.parameters.checksum -Dteamcity.build.tempDir=/opt/teamcity-agent/temp/buildTmp -Dteamcity.build.workingDir=/opt/teamcity-agent/work/5871d05f33387ade -Dteamcity.buildConfName=example-teamcity-build -Dteamcity.buildType.id=Netology_ExampleTeamcityBuild -Dteamcity.configuration.properties.file=/opt/teamcity-agent/temp/buildTmp/teamcity.config.parameters -Dteamcity.maven.userSettings.path=/opt/teamcity-agent/temp/buildTmp/maven_settings_966975031005627915.xml -Dteamcity.maven.watcher.home=/opt/teamcity-agent/plugins/mavenPlugin/maven-watcher-jdk17 -Dteamcity.projectName=netology -Dteamcity.runner.properties.file=/opt/teamcity-agent/temp/buildTmp/teamcity.runner.parameters -Dteamcity.tests.recentlyFailedTests.file=/opt/teamcity-agent/temp/buildTmp/teamcity.testsToRunFirst.txt -Dteamcity.version=2025.11.3 (build 208117) -Dmaven.repo.local=/opt/teamcity-agent/system/jetbrains.maven.runner/maven.repo.local -classpath /opt/teamcity-agent/tools/maven3_9/boot/plexus-classworlds-2.7.0.jar: org.codehaus.plexus.classworlds.launcher.Launcher -f /opt/teamcity-agent/work/5871d05f33387ade/pom.xml -B -s /opt/teamcity-agent/temp/buildTmp/maven_settings_966975031005627915.xml clean deploy
[13:04:23] :	 [Step 2/2] in directory: /opt/teamcity-agent/work/5871d05f33387ade
[13:04:24] :	 [Step 2/2] [INFO] Scanning for projects...
[13:04:25] :	 [Step 2/2] [INFO] 
[13:04:25] :	 [Step 2/2] [INFO] -----------------------< org.netology:plaindoll >-----------------------
[13:04:25] :	 [Step 2/2] [INFO] Building plaindoll 0.0.2
[13:04:25] :	 [Step 2/2] [INFO]   from pom.xml
[13:04:25] :	 [Step 2/2] [INFO] --------------------------------[ jar ]---------------------------------
[13:04:25] :	 [Step 2/2] [Maven Watcher] project started: org.netology:plaindoll:jar:0.0.2
[13:04:25] :	 [Step 2/2] org.netology:plaindoll (23s)
[13:04:25]i:		 [org.netology:plaindoll] ##teamcity[importData tc:tags='tc:internal' type='surefire' path='/opt/teamcity-agent/work/5871d05f33387ade/target/failsafe-reports/TEST-*.xml' whenNoDataPublished='nothing' logAsInternal='true' rerunFailingTestsEnabled='false']
[13:04:25]i:		 [org.netology:plaindoll] ##teamcity[importData tc:tags='tc:internal' type='surefire' path='/opt/teamcity-agent/work/5871d05f33387ade/target/surefire-reports/TEST-*.xml' whenNoDataPublished='nothing' logAsInternal='true' rerunFailingTestsEnabled='false']
[13:04:25] :	 [Step 2/2] Importing data from '/opt/teamcity-agent/work/5871d05f33387ade/target/failsafe-reports/TEST-*.xml' with 'surefire' processor
[13:04:25] :	 [Step 2/2] Importing data from '/opt/teamcity-agent/work/5871d05f33387ade/target/surefire-reports/TEST-*.xml' with 'surefire' processor
[13:04:25] :	 [Step 2/2] [Maven Watcher] 
[13:04:25]i:	 [Step 2/2] ##teamcity[projectStarted tc:tags='tc:internal' projectId='org.netology:plaindoll:jar:0.0.2' groupId='org.netology' artifactId='plaindoll' testReportsDir0='/opt/teamcity-agent/work/5871d05f33387ade/target/failsafe-reports' testReportsDir1='/opt/teamcity-agent/work/5871d05f33387ade/target/surefire-reports']
[13:04:25] :	 [Step 2/2] Surefire report watcher
[13:04:25] :		 [Surefire report watcher] Watching paths:
[13:04:25] :		 [Surefire report watcher] /opt/teamcity-agent/work/5871d05f33387ade/target/failsafe-reports/TEST-*.xml
[13:04:25] :	 [Step 2/2] Surefire report watcher
[13:04:25] :		 [Surefire report watcher] Watching paths:
[13:04:25] :		 [Surefire report watcher] /opt/teamcity-agent/work/5871d05f33387ade/target/surefire-reports/TEST-*.xml
[13:04:25] :	 [Step 2/2] [INFO] 
[13:04:25] :	 [Step 2/2] [INFO] --- clean:3.2.0:clean (default-clean) @ plaindoll ---
[13:04:25] :	 [Step 2/2] [INFO] Deleting /opt/teamcity-agent/work/5871d05f33387ade/target
[13:04:25] :	 [Step 2/2] [INFO] 
[13:04:25] :	 [Step 2/2] [INFO] --- resources:3.3.1:resources (default-resources) @ plaindoll ---
[13:04:25]W:	 [Step 2/2] [WARNING] Using platform encoding (UTF-8 actually) to copy filtered resources, i.e. build is platform dependent!
[13:04:25] :	 [Step 2/2] [INFO] skip non existing resourceDirectory /opt/teamcity-agent/work/5871d05f33387ade/src/main/resources
[13:04:25] :	 [Step 2/2] [INFO] 
[13:04:25] :	 [Step 2/2] [INFO] --- compiler:3.11.0:compile (default-compile) @ plaindoll ---
[13:04:25] :	 [Step 2/2] [INFO] Changes detected - recompiling the module! :source
[13:04:25]W:	 [Step 2/2] [WARNING] File encoding has not been set, using platform encoding UTF-8, i.e. build is platform dependent!
[13:04:25] :	 [Step 2/2] [INFO] Compiling 2 source files with javac [debug target 1.8] to target/classes
[13:04:26] :	 [Step 2/2] [INFO] 
[13:04:26] :	 [Step 2/2] [INFO] --- resources:3.3.1:testResources (default-testResources) @ plaindoll ---
[13:04:26]W:	 [Step 2/2] [WARNING] Using platform encoding (UTF-8 actually) to copy filtered resources, i.e. build is platform dependent!
[13:04:26] :	 [Step 2/2] [INFO] skip non existing resourceDirectory /opt/teamcity-agent/work/5871d05f33387ade/src/test/resources
[13:04:26] :	 [Step 2/2] [INFO] 
[13:04:26] :	 [Step 2/2] [INFO] --- compiler:3.11.0:testCompile (default-testCompile) @ plaindoll ---
[13:04:26] :	 [Step 2/2] [INFO] Changes detected - recompiling the module! :dependency
[13:04:26]W:	 [Step 2/2] [WARNING] File encoding has not been set, using platform encoding UTF-8, i.e. build is platform dependent!
[13:04:26] :	 [Step 2/2] [INFO] Compiling 1 source file with javac [debug target 1.8] to target/test-classes
[13:04:26] :	 [Step 2/2] [INFO] 
[13:04:26] :	 [Step 2/2] [INFO] --- surefire:3.2.2:test (default-test) @ plaindoll ---
[13:04:26] :	 [Step 2/2] [INFO] Using auto detected provider org.apache.maven.surefire.junit4.JUnit4Provider
[13:04:26] :	 [Step 2/2] [INFO] 
[13:04:26] :	 [Step 2/2] [INFO] -------------------------------------------------------
[13:04:26] :	 [Step 2/2] [INFO]  T E S T S
[13:04:26] :	 [Step 2/2] [INFO] -------------------------------------------------------
[13:04:27] :	 [Step 2/2] [INFO] Running plaindoll.WelcomerTest
[13:04:27] :	 [Step 2/2] [INFO] Tests run: 5, Failures: 0, Errors: 0, Skipped: 0, Time elapsed: 0.121 s -- in plaindoll.WelcomerTest
[13:04:27] :	 [Step 2/2] [INFO] 
[13:04:27] :	 [Step 2/2] [INFO] Results:
[13:04:27] :	 [Step 2/2] [INFO] 
[13:04:27] :	 [Step 2/2] [INFO] Tests run: 5, Failures: 0, Errors: 0, Skipped: 0
[13:04:27] :	 [Step 2/2] [INFO] 
[13:04:27] :	 [Step 2/2] [INFO] 
[13:04:27] :	 [Step 2/2] [INFO] --- jar:3.3.0:jar (default-jar) @ plaindoll ---
[13:04:27] :	 [Step 2/2] [INFO] Building jar: /opt/teamcity-agent/work/5871d05f33387ade/target/plaindoll-0.0.2.jar
[13:04:28] :	 [Step 2/2] [INFO] 
[13:04:28] :	 [Step 2/2] [INFO] --- shade:3.2.4:shade (default) @ plaindoll ---
[13:04:28]i:	 [Step 2/2] plaindoll.WelcomerTest
[13:04:28]i:		 [plaindoll.WelcomerTest] welcomerSaysFarewell
[13:04:28]i:		 [plaindoll.WelcomerTest] welcomerSaysHunter
[13:04:28]i:		 [plaindoll.WelcomerTest] welcomerSaysSilver
[13:04:28]i:		 [plaindoll.WelcomerTest] welcomerSaysSomething
[13:04:28]i:		 [plaindoll.WelcomerTest] welcomerSaysWelcome
[13:04:28] :	 [Step 2/2] [INFO] Replacing original artifact with shaded artifact.
[13:04:28] :	 [Step 2/2] [INFO] Replacing /opt/teamcity-agent/work/5871d05f33387ade/target/plaindoll-0.0.2.jar with /opt/teamcity-agent/work/5871d05f33387ade/target/plaindoll-0.0.2-shaded.jar
[13:04:28] :	 [Step 2/2] [INFO] 
[13:04:28] :	 [Step 2/2] [INFO] --- install:3.1.1:install (default-install) @ plaindoll ---
[13:04:28] :	 [Step 2/2] [INFO] Installing /opt/teamcity-agent/work/5871d05f33387ade/pom.xml to /opt/teamcity-agent/system/jetbrains.maven.runner/maven.repo.local/org/netology/plaindoll/0.0.2/plaindoll-0.0.2.pom
[13:04:28] :	 [Step 2/2] [INFO] Installing /opt/teamcity-agent/work/5871d05f33387ade/target/plaindoll-0.0.2.jar to /opt/teamcity-agent/system/jetbrains.maven.runner/maven.repo.local/org/netology/plaindoll/0.0.2/plaindoll-0.0.2.jar
[13:04:28] :	 [Step 2/2] [INFO] 
[13:04:28] :	 [Step 2/2] [INFO] --- deploy:3.1.1:deploy (default-deploy) @ plaindoll ---
[13:04:28] :	 [Step 2/2] [INFO] Uploading to nexus: http://158.160.110.224:8081/repository/maven-releases/org/netology/plaindoll/0.0.2/plaindoll-0.0.2.pom
[13:04:38] :	 [Step 2/2] [INFO] Uploading to nexus: http://158.160.110.224:8081/repository/maven-releases/org/netology/plaindoll/0.0.2/plaindoll-0.0.2.jar
[13:04:48] :	 [Step 2/2] [Maven Watcher] 
[13:04:48]E:	 [Step 2/2] Failed to execute goal org.apache.maven.plugins:maven-deploy-plugin:3.1.1:deploy (default-deploy) on project plaindoll: Failed to deploy artifacts: Could not transfer artifact org.netology:plaindoll:pom:0.0.2 from/to nexus (http://158.160.110.224:8081/repository/maven-releases/): Connect to 158.160.110.224:8081 [/158.160.110.224] failed: connect timed out
[13:04:48] :	 [Step 2/2] [Maven Watcher] 
[13:04:48]i:	 [Step 2/2] ##teamcity[projectFinished tc:tags='tc:internal' projectId='org.netology:plaindoll:jar:0.0.2']
[13:04:48] :	 [Step 2/2] [INFO] ------------------------------------------------------------------------
[13:04:48] :	 [Step 2/2] [INFO] BUILD FAILURE
[13:04:48] :	 [Step 2/2] [INFO] ------------------------------------------------------------------------
[13:04:48] :	 [Step 2/2] [INFO] Total time:  23.907 s
[13:04:48] :	 [Step 2/2] [INFO] Finished at: 2026-03-17T13:04:48Z
[13:04:48] :	 [Step 2/2] [INFO] ------------------------------------------------------------------------
[13:04:48] :	 [Step 2/2] [Maven Watcher] building report document...
[13:04:48] :	 [Step 2/2] [Maven Watcher] building report document done
[13:04:48] :	 [Step 2/2] [Maven Watcher] writing report to /opt/teamcity-agent/temp/buildTmp/maven-build-info.xml
[13:04:48] :	 [Step 2/2] [Maven Watcher] done writing report
[13:04:48]W:	 [Step 2/2] [ERROR] Failed to execute goal org.apache.maven.plugins:maven-deploy-plugin:3.1.1:deploy (default-deploy) on project plaindoll: Failed to deploy artifacts: Could not transfer artifact org.netology:plaindoll:pom:0.0.2 from/to nexus (http://158.160.110.224:8081/repository/maven-releases/): Connect to 158.160.110.224:8081 [/158.160.110.224] failed: connect timed out -> [Help 1]
[13:04:48]W:	 [Step 2/2] [ERROR] 
[13:04:48]W:	 [Step 2/2] [ERROR] To see the full stack trace of the errors, re-run Maven with the -e switch.
[13:04:48]W:	 [Step 2/2] [ERROR] Re-run Maven using the -X switch to enable full debug logging.
[13:04:48]W:	 [Step 2/2] [ERROR] 
[13:04:48]W:	 [Step 2/2] [ERROR] For more information about the errors and possible solutions, please read the following articles:
[13:04:48]W:	 [Step 2/2] [ERROR] [Help 1] http://cwiki.apache.org/confluence/display/MAVEN/MojoExecutionException
[13:04:48]W:	 [Step 2/2] Process exited with code 1
[13:04:48] :	 [Step 2/2] Publishing artifacts
[13:04:48] :		 [Publishing artifacts] Collecting files to publish: [/opt/teamcity-agent/temp/buildTmp/.tc-maven-bi/maven-build-info.xml.gz => .teamcity]
[13:04:48] :		 [Publishing artifacts] Publishing 1 file using [WebPublisher]: /opt/teamcity-agent/temp/buildTmp/.tc-maven-bi/maven-build-info.xml.gz => .teamcity
[13:04:48] :		 [Publishing artifacts] Publishing 1 file using [ArtifactsCachePublisherImpl]: /opt/teamcity-agent/temp/buildTmp/.tc-maven-bi/maven-build-info.xml.gz => .teamcity
[13:04:48]i:		 [Publishing artifacts] Will publish 1 artifact(s) to TeamCity node with id MAIN_SERVER
[13:04:48]E:	 [Step 2/2] Process exited with code 1 (Step: Maven Deploy for master (Maven))
[13:04:48] :	 [Step 2/2] Waiting for 2 service processes to complete
[13:04:49] :	 [Step 2/2] Surefire report watcher
[13:04:49] :		 [Surefire report watcher] 1 report found for paths:
[13:04:49] :		 [Surefire report watcher] /opt/teamcity-agent/work/5871d05f33387ade/target/surefire-reports/TEST-*.xml
[13:04:49] :		 [Surefire report watcher] Successfully parsed
[13:04:49] :			 [Successfully parsed] 1 report
[13:04:49] :			 [Successfully parsed] target/surefire-reports/TEST-plaindoll.WelcomerTest.xml
[13:04:49]E:	 [Step 2/2] Step Maven Deploy for master (Maven) failed
[13:04:49]i: Stopping performance monitoring process
[13:04:58]i: Performance monitoring process stopped
[13:04:58]i: Publishing performance monitoring build stages data
[13:04:58] : Publishing artifacts
[13:04:58] :	 [Publishing artifacts] Collecting files to publish: [/opt/teamcity-agent/system/perfmon/temp/202/perfmon.csv=>.teamcity/perfmon/, /opt/teamcity-agent/temp/agentTmp/build_stages.txt=>.teamcity/perfmon/]
[13:04:58] :	 [Publishing artifacts] Publishing 2 files using [WebPublisher]: /opt/teamcity-agent/system/perfmon/temp/202/perfmon.csv, /opt/teamcity-agent/temp/agentTmp/build_stages.txt => .teamcity/perfmon
[13:04:58] :	 [Publishing artifacts] Publishing 2 files using [ArtifactsCachePublisherImpl]: /opt/teamcity-agent/system/perfmon/temp/202/perfmon.csv, /opt/teamcity-agent/temp/agentTmp/build_stages.txt => .teamcity/perfmon
[13:04:58]i:	 [Publishing artifacts] Will publish 2 artifact(s) to TeamCity node with id MAIN_SERVER
[13:04:58] : Publishing internal artifacts
[13:04:58] :	 [Publishing internal artifacts] Publishing 1 file using [WebPublisher]
[13:04:58] :	 [Publishing internal artifacts] Publishing 1 file using [ArtifactsCachePublisherImpl]
[13:04:58]i:	 [Publishing internal artifacts] Will publish 1 artifact(s) to TeamCity node with id MAIN_SERVER
[13:04:59] : Publishing internal artifacts
[13:04:59] : Build finished
